2025-04-19T01:51:31.899+02:00  INFO 16564 --- [reclamation] [main] c.e.C.CommandeServiceApplication         : Starting CommandeServiceApplication using Java 17.0.9 with PID 16564 (C:\Users\Wassim hajji\Desktop\ecomm\azizzz\MicroserviceEcommerce\Microservices\CommandeService\target\classes started by Wassim hajji in C:\Users\Wassim hajji\Desktop\ecomm\azizzz\MicroserviceEcommerce)
2025-04-19T01:51:31.901+02:00  INFO 16564 --- [reclamation] [main] c.e.C.CommandeServiceApplication         : No active profile set, falling back to 1 default profile: "default"
2025-04-19T01:51:31.936+02:00  INFO 16564 --- [reclamation] [main] o.s.c.c.c.ConfigServerConfigDataLoader   : Fetching config from server at : http://localhost:8888
2025-04-19T01:51:31.939+02:00  INFO 16564 --- [reclamation] [main] o.s.c.c.c.ConfigServerConfigDataLoader   : Located environment: name=commande, profiles=[default], label=null, version=null, state=null
2025-04-19T01:51:31.939+02:00  INFO 16564 --- [reclamation] [main] o.s.c.c.c.ConfigServerConfigDataLoader   : Fetching config from server at : http://localhost:8888
2025-04-19T01:51:31.939+02:00  INFO 16564 --- [reclamation] [main] o.s.c.c.c.ConfigServerConfigDataLoader   : Located environment: name=reclamation, profiles=[default], label=null, version=null, state=null
2025-04-19T01:51:32.776+02:00  INFO 16564 --- [reclamation] [main] .s.d.r.c.RepositoryConfigurationDelegate : Bootstrapping Spring Data JPA repositories in DEFAULT mode.
2025-04-19T01:51:32.863+02:00  INFO 16564 --- [reclamation] [main] .s.d.r.c.RepositoryConfigurationDelegate : Finished Spring Data repository scanning in 80 ms. Found 2 JPA repository interfaces.
2025-04-19T01:51:33.026+02:00  INFO 16564 --- [reclamation] [main] faultConfiguringBeanFactoryPostProcessor : No bean named 'errorChannel' has been explicitly defined. Therefore, a default PublishSubscribeChannel will be created.
2025-04-19T01:51:33.032+02:00  INFO 16564 --- [reclamation] [main] faultConfiguringBeanFactoryPostProcessor : No bean named 'integrationHeaderChannelRegistry' has been explicitly defined. Therefore, a default DefaultHeaderChannelRegistry will be created.
2025-04-19T01:51:33.119+02:00  INFO 16564 --- [reclamation] [main] o.s.cloud.context.scope.GenericScope     : BeanFactory id=a181cd83-a54b-3c12-97d5-5bd1874f454e
2025-04-19T01:51:33.346+02:00  WARN 16564 --- [reclamation] [main] trationDelegate$BeanPostProcessorChecker : Bean 'org.springframework.boot.autoconfigure.integration.IntegrationAutoConfiguration$IntegrationJmxConfiguration' of type [org.springframework.boot.autoconfigure.integration.IntegrationAutoConfiguration$IntegrationJmxConfiguration] is not eligible for getting processed by all BeanPostProcessors (for example: not eligible for auto-proxying). The currently created BeanPostProcessor [integrationMbeanExporter] is declared through a non-static factory method on that class; consider declaring it as static instead.
2025-04-19T01:51:33.354+02:00  WARN 16564 --- [reclamation] [main] trationDelegate$BeanPostProcessorChecker : Bean 'org.springframework.cloud.stream.config.BindersHealthIndicatorAutoConfiguration' of type [org.springframework.cloud.stream.config.BindersHealthIndicatorAutoConfiguration] is not eligible for getting processed by all BeanPostProcessors (for example: not eligible for auto-proxying). Is this bean getting eagerly injected/applied to a currently created BeanPostProcessor [integrationMbeanExporter]? Check the corresponding BeanPostProcessor declaration and its dependencies/advisors. If this bean does not have to be post-processed, declare it with ROLE_INFRASTRUCTURE.
2025-04-19T01:51:33.356+02:00  WARN 16564 --- [reclamation] [main] trationDelegate$BeanPostProcessorChecker : Bean 'bindersHealthContributor' of type [org.springframework.cloud.stream.config.BindersHealthIndicatorAutoConfiguration$BindersHealthContributor] is not eligible for getting processed by all BeanPostProcessors (for example: not eligible for auto-proxying). Is this bean getting eagerly injected/applied to a currently created BeanPostProcessor [integrationMbeanExporter]? Check the corresponding BeanPostProcessor declaration and its dependencies/advisors. If this bean does not have to be post-processed, declare it with ROLE_INFRASTRUCTURE.
2025-04-19T01:51:33.359+02:00  WARN 16564 --- [reclamation] [main] trationDelegate$BeanPostProcessorChecker : Bean 'bindersHealthIndicatorListener' of type [org.springframework.cloud.stream.config.BindersHealthIndicatorAutoConfiguration$BindersHealthIndicatorListener] is not eligible for getting processed by all BeanPostProcessors (for example: not eligible for auto-proxying). Is this bean getting eagerly injected/applied to a currently created BeanPostProcessor [integrationMbeanExporter]? Check the corresponding BeanPostProcessor declaration and its dependencies/advisors. If this bean does not have to be post-processed, declare it with ROLE_INFRASTRUCTURE.
2025-04-19T01:51:33.365+02:00  WARN 16564 --- [reclamation] [main] trationDelegate$BeanPostProcessorChecker : Bean 'org.springframework.cloud.stream.binder.rabbit.config.ExtendedBindingHandlerMappingsProviderConfiguration' of type [org.springframework.cloud.stream.binder.rabbit.config.ExtendedBindingHandlerMappingsProviderConfiguration] is not eligible for getting processed by all BeanPostProcessors (for example: not eligible for auto-proxying). Is this bean getting eagerly injected/applied to a currently created BeanPostProcessor [integrationMbeanExporter]? Check the corresponding BeanPostProcessor declaration and its dependencies/advisors. If this bean does not have to be post-processed, declare it with ROLE_INFRASTRUCTURE.
2025-04-19T01:51:33.366+02:00  WARN 16564 --- [reclamation] [main] trationDelegate$BeanPostProcessorChecker : Bean 'rabbitExtendedPropertiesDefaultMappingsProvider' of type [org.springframework.cloud.stream.binder.rabbit.config.ExtendedBindingHandlerMappingsProviderConfiguration$$Lambda$861/0x00000008006f9d60] is not eligible for getting processed by all BeanPostProcessors (for example: not eligible for auto-proxying). Is this bean getting eagerly injected/applied to a currently created BeanPostProcessor [integrationMbeanExporter]? Check the corresponding BeanPostProcessor declaration and its dependencies/advisors. If this bean does not have to be post-processed, declare it with ROLE_INFRASTRUCTURE.
2025-04-19T01:51:33.368+02:00  WARN 16564 --- [reclamation] [main] trationDelegate$BeanPostProcessorChecker : Bean 'BindingHandlerAdvise' of type [org.springframework.cloud.stream.config.BindingHandlerAdvise] is not eligible for getting processed by all BeanPostProcessors (for example: not eligible for auto-proxying). Is this bean getting eagerly injected/applied to a currently created BeanPostProcessor [integrationMbeanExporter]? Check the corresponding BeanPostProcessor declaration and its dependencies/advisors. If this bean does not have to be post-processed, declare it with ROLE_INFRASTRUCTURE.
2025-04-19T01:51:33.369+02:00  WARN 16564 --- [reclamation] [main] trationDelegate$BeanPostProcessorChecker : Bean 'org.springframework.cloud.commons.config.CommonsConfigAutoConfiguration' of type [org.springframework.cloud.commons.config.CommonsConfigAutoConfiguration] is not eligible for getting processed by all BeanPostProcessors (for example: not eligible for auto-proxying). Is this bean getting eagerly injected/applied to a currently created BeanPostProcessor [integrationMbeanExporter]? Check the corresponding BeanPostProcessor declaration and its dependencies/advisors. If this bean does not have to be post-processed, declare it with ROLE_INFRASTRUCTURE.
2025-04-19T01:51:33.371+02:00  WARN 16564 --- [reclamation] [main] trationDelegate$BeanPostProcessorChecker : Bean 'org.springframework.cloud.client.loadbalancer.LoadBalancerDefaultMappingsProviderAutoConfiguration' of type [org.springframework.cloud.client.loadbalancer.LoadBalancerDefaultMappingsProviderAutoConfiguration] is not eligible for getting processed by all BeanPostProcessors (for example: not eligible for auto-proxying). Is this bean getting eagerly injected/applied to a currently created BeanPostProcessor [integrationMbeanExporter]? Check the corresponding BeanPostProcessor declaration and its dependencies/advisors. If this bean does not have to be post-processed, declare it with ROLE_INFRASTRUCTURE.
2025-04-19T01:51:33.372+02:00  WARN 16564 --- [reclamation] [main] trationDelegate$BeanPostProcessorChecker : Bean 'loadBalancerClientsDefaultsMappingsProvider' of type [org.springframework.cloud.client.loadbalancer.LoadBalancerDefaultMappingsProviderAutoConfiguration$$Lambda$862/0x00000008006f9fa0] is not eligible for getting processed by all BeanPostProcessors (for example: not eligible for auto-proxying). Is this bean getting eagerly injected/applied to a currently created BeanPostProcessor [integrationMbeanExporter]? Check the corresponding BeanPostProcessor declaration and its dependencies/advisors. If this bean does not have to be post-processed, declare it with ROLE_INFRASTRUCTURE.
2025-04-19T01:51:33.374+02:00  WARN 16564 --- [reclamation] [main] trationDelegate$BeanPostProcessorChecker : Bean 'defaultsBindHandlerAdvisor' of type [org.springframework.cloud.commons.config.DefaultsBindHandlerAdvisor] is not eligible for getting processed by all BeanPostProcessors (for example: not eligible for auto-proxying). Is this bean getting eagerly injected/applied to a currently created BeanPostProcessor [integrationMbeanExporter]? Check the corresponding BeanPostProcessor declaration and its dependencies/advisors. If this bean does not have to be post-processed, declare it with ROLE_INFRASTRUCTURE.
2025-04-19T01:51:33.383+02:00  WARN 16564 --- [reclamation] [main] trationDelegate$BeanPostProcessorChecker : Bean 'spelConverter' of type [org.springframework.cloud.stream.config.SpelExpressionConverterConfiguration$SpelConverter] is not eligible for getting processed by all BeanPostProcessors (for example: not eligible for auto-proxying). Is this bean getting eagerly injected/applied to a currently created BeanPostProcessor [integrationMbeanExporter]? Check the corresponding BeanPostProcessor declaration and its dependencies/advisors. If this bean does not have to be post-processed, declare it with ROLE_INFRASTRUCTURE.
2025-04-19T01:51:33.386+02:00  WARN 16564 --- [reclamation] [main] trationDelegate$BeanPostProcessorChecker : Bean 'spring.jmx-org.springframework.boot.autoconfigure.jmx.JmxProperties' of type [org.springframework.boot.autoconfigure.jmx.JmxProperties] is not eligible for getting processed by all BeanPostProcessors (for example: not eligible for auto-proxying). Is this bean getting eagerly injected/applied to a currently created BeanPostProcessor [integrationMbeanExporter]? Check the corresponding BeanPostProcessor declaration and its dependencies/advisors. If this bean does not have to be post-processed, declare it with ROLE_INFRASTRUCTURE.
2025-04-19T01:51:33.393+02:00  WARN 16564 --- [reclamation] [main] trationDelegate$BeanPostProcessorChecker : Bean 'org.springframework.boot.autoconfigure.jmx.JmxAutoConfiguration' of type [org.springframework.boot.autoconfigure.jmx.JmxAutoConfiguration] is not eligible for getting processed by all BeanPostProcessors (for example: not eligible for auto-proxying). Is this bean getting eagerly injected/applied to a currently created BeanPostProcessor [integrationMbeanExporter]? Check the corresponding BeanPostProcessor declaration and its dependencies/advisors. If this bean does not have to be post-processed, declare it with ROLE_INFRASTRUCTURE.
2025-04-19T01:51:33.397+02:00  WARN 16564 --- [reclamation] [main] trationDelegate$BeanPostProcessorChecker : Bean 'mbeanServer' of type [com.sun.jmx.mbeanserver.JmxMBeanServer] is not eligible for getting processed by all BeanPostProcessors (for example: not eligible for auto-proxying). Is this bean getting eagerly injected/applied to a currently created BeanPostProcessor [integrationMbeanExporter]? Check the corresponding BeanPostProcessor declaration and its dependencies/advisors. If this bean does not have to be post-processed, declare it with ROLE_INFRASTRUCTURE.
2025-04-19T01:51:33.630+02:00  INFO 16564 --- [reclamation] [main] o.s.b.w.embedded.tomcat.TomcatWebServer  : Tomcat initialized with port 8095 (http)
2025-04-19T01:51:33.641+02:00  INFO 16564 --- [reclamation] [main] o.apache.catalina.core.StandardService   : Starting service [Tomcat]
2025-04-19T01:51:33.641+02:00  INFO 16564 --- [reclamation] [main] o.apache.catalina.core.StandardEngine    : Starting Servlet engine: [Apache Tomcat/10.1.34]
2025-04-19T01:51:33.696+02:00  INFO 16564 --- [reclamation] [main] o.a.c.c.C.[.[.[/api/reclamations]        : Initializing Spring embedded WebApplicationContext
2025-04-19T01:51:33.696+02:00  INFO 16564 --- [reclamation] [main] w.s.c.ServletWebServerApplicationContext : Root WebApplicationContext: initialization completed in 1755 ms
2025-04-19T01:51:33.867+02:00 DEBUG 16564 --- [reclamation] [main] o.s.w.f.ServerHttpObservationFilter      : Filter 'webMvcObservationFilter' configured for use
2025-04-19T01:51:33.965+02:00  INFO 16564 --- [reclamation] [main] o.hibernate.jpa.internal.util.LogHelper  : HHH000204: Processing PersistenceUnitInfo [name: default]
2025-04-19T01:51:34.002+02:00  INFO 16564 --- [reclamation] [main] org.hibernate.Version                    : HHH000412: Hibernate ORM core version 6.6.5.Final
2025-04-19T01:51:34.034+02:00  INFO 16564 --- [reclamation] [main] o.h.c.internal.RegionFactoryInitiator    : HHH000026: Second-level cache disabled
2025-04-19T01:51:34.226+02:00  INFO 16564 --- [reclamation] [main] o.s.o.j.p.SpringPersistenceUnitInfo      : No LoadTimeWeaver setup: ignoring JPA class transformer
2025-04-19T01:51:34.246+02:00  INFO 16564 --- [reclamation] [main] com.zaxxer.hikari.HikariDataSource       : HikariPool-1 - Starting...
2025-04-19T01:51:34.364+02:00  INFO 16564 --- [reclamation] [main] com.zaxxer.hikari.pool.HikariPool        : HikariPool-1 - Added connection com.mysql.cj.jdbc.ConnectionImpl@445d878c
2025-04-19T01:51:34.365+02:00  INFO 16564 --- [reclamation] [main] com.zaxxer.hikari.HikariDataSource       : HikariPool-1 - Start completed.
2025-04-19T01:51:34.381+02:00  WARN 16564 --- [reclamation] [main] org.hibernate.orm.deprecation            : HHH90000025: MySQL8Dialect does not need to be specified explicitly using 'hibernate.dialect' (remove the property setting and it will be selected by default)
2025-04-19T01:51:34.382+02:00  WARN 16564 --- [reclamation] [main] org.hibernate.orm.deprecation            : HHH90000026: MySQL8Dialect has been deprecated; use org.hibernate.dialect.MySQLDialect instead
2025-04-19T01:51:34.397+02:00  INFO 16564 --- [reclamation] [main] org.hibernate.orm.connections.pooling    : HHH10001005: Database info:
	Database JDBC URL [Connecting through datasource 'HikariDataSource (HikariPool-1)']
	Database driver: undefined/unknown
	Database version: 8.0
	Autocommit mode: undefined/unknown
	Isolation level: undefined/unknown
	Minimum pool size: undefined/unknown
	Maximum pool size: undefined/unknown
2025-04-19T01:51:35.018+02:00  INFO 16564 --- [reclamation] [main] o.h.e.t.j.p.i.JtaPlatformInitiator       : HHH000489: No JTA platform available (set 'hibernate.transaction.jta.platform' to enable JTA platform integration)
2025-04-19T01:51:35.104+02:00  INFO 16564 --- [reclamation] [main] j.LocalContainerEntityManagerFactoryBean : Initialized JPA EntityManagerFactory for persistence unit 'default'
2025-04-19T01:51:35.418+02:00  WARN 16564 --- [reclamation] [main] JpaBaseConfiguration$JpaWebConfiguration : spring.jpa.open-in-view is enabled by default. Therefore, database queries may be performed during view rendering. Explicitly configure spring.jpa.open-in-view to disable this warning
2025-04-19T01:51:35.704+02:00  INFO 16564 --- [reclamation] [main] o.s.c.openfeign.FeignClientFactoryBean   : For 'Produit' URL not provided. Will try picking an instance via load-balancing.
2025-04-19T01:51:35.871+02:00 DEBUG 16564 --- [reclamation] [main] s.w.s.m.m.a.RequestMappingHandlerMapping : 18 mappings in 'requestMappingHandlerMapping'
2025-04-19T01:51:35.915+02:00 DEBUG 16564 --- [reclamation] [main] o.s.w.s.handler.SimpleUrlHandlerMapping  : Patterns [/webjars/**, /**, /swagger-ui*/*swagger-initializer.js, /swagger-ui*/**] in 'resourceHandlerMapping'
2025-04-19T01:51:35.945+02:00 DEBUG 16564 --- [reclamation] [main] s.w.s.m.m.a.RequestMappingHandlerAdapter : ControllerAdvice beans: 0 @ModelAttribute, 0 @InitBinder, 1 RequestBodyAdvice, 1 ResponseBodyAdvice
2025-04-19T01:51:35.987+02:00 DEBUG 16564 --- [reclamation] [main] .m.m.a.ExceptionHandlerExceptionResolver : ControllerAdvice beans: 1 @ExceptionHandler, 1 ResponseBodyAdvice
2025-04-19T01:51:36.922+02:00  INFO 16564 --- [reclamation] [main] DiscoveryClientOptionalArgsConfiguration : Eureka HTTP Client uses RestTemplate.
2025-04-19T01:51:36.958+02:00  WARN 16564 --- [reclamation] [main] iguration$LoadBalancerCaffeineWarnLogger : Spring Cloud LoadBalancer is currently working with the default cache. While this cache implementation is useful for development and tests, it's recommended to use Caffeine cache in production.You can switch to using Caffeine cache, by adding it and org.springframework.cache.caffeine.CaffeineCacheManager to the classpath.
2025-04-19T01:51:36.971+02:00  INFO 16564 --- [reclamation] [main] o.s.b.a.e.web.EndpointLinksResolver      : Exposing 3 endpoints beneath base path '/actuator'
2025-04-19T01:51:37.107+02:00  INFO 16564 --- [reclamation] [main] o.s.i.monitor.IntegrationMBeanExporter   : Registering MessageChannel errorChannel
2025-04-19T01:51:37.111+02:00  INFO 16564 --- [reclamation] [main] o.s.i.monitor.IntegrationMBeanExporter   : Registering MessageChannel nullChannel
2025-04-19T01:51:37.115+02:00  INFO 16564 --- [reclamation] [main] o.s.i.monitor.IntegrationMBeanExporter   : Registering MessageHandler _org.springframework.integration.errorLogger
2025-04-19T01:51:37.123+02:00  INFO 16564 --- [reclamation] [main] o.s.i.endpoint.EventDrivenConsumer       : Adding {logging-channel-adapter:_org.springframework.integration.errorLogger} as a subscriber to the 'errorChannel' channel
2025-04-19T01:51:37.124+02:00  INFO 16564 --- [reclamation] [main] o.s.i.channel.PublishSubscribeChannel    : Channel 'reclamation.errorChannel' has 1 subscriber(s).
2025-04-19T01:51:37.124+02:00  INFO 16564 --- [reclamation] [main] o.s.i.endpoint.EventDrivenConsumer       : started bean '_org.springframework.integration.errorLogger'
2025-04-19T01:51:37.169+02:00  INFO 16564 --- [reclamation] [main] o.s.c.n.eureka.InstanceInfoFactory       : Setting initial instance status as: STARTING
2025-04-19T01:51:37.189+02:00  INFO 16564 --- [reclamation] [main] com.netflix.discovery.DiscoveryClient    : Initializing Eureka in region us-east-1
2025-04-19T01:51:37.192+02:00  INFO 16564 --- [reclamation] [main] c.n.d.s.r.aws.ConfigClusterResolver      : Resolving eureka endpoints via configuration
2025-04-19T01:51:37.200+02:00  INFO 16564 --- [reclamation] [main] com.netflix.discovery.DiscoveryClient    : Disable delta property : false
2025-04-19T01:51:37.200+02:00  INFO 16564 --- [reclamation] [main] com.netflix.discovery.DiscoveryClient    : Single vip registry refresh property : null
2025-04-19T01:51:37.200+02:00  INFO 16564 --- [reclamation] [main] com.netflix.discovery.DiscoveryClient    : Force full registry fetch : false
2025-04-19T01:51:37.200+02:00  INFO 16564 --- [reclamation] [main] com.netflix.discovery.DiscoveryClient    : Application is null : false
2025-04-19T01:51:37.200+02:00  INFO 16564 --- [reclamation] [main] com.netflix.discovery.DiscoveryClient    : Registered Applications size is zero : true
2025-04-19T01:51:37.200+02:00  INFO 16564 --- [reclamation] [main] com.netflix.discovery.DiscoveryClient    : Application version is -1: true
2025-04-19T01:51:37.200+02:00  INFO 16564 --- [reclamation] [main] com.netflix.discovery.DiscoveryClient    : Getting all instance registry info from the eureka server
2025-04-19T01:51:37.256+02:00 DEBUG 16564 --- [reclamation] [main] o.s.web.client.RestTemplate              : HTTP GET http://localhost:8761/eureka/apps/
2025-04-19T01:51:37.312+02:00 DEBUG 16564 --- [reclamation] [main] o.s.web.client.RestTemplate              : Accept=[application/json, application/yaml, application/*+json]
2025-04-19T01:51:37.377+02:00 DEBUG 16564 --- [reclamation] [main] o.s.web.client.RestTemplate              : Response 200 OK
2025-04-19T01:51:37.379+02:00 DEBUG 16564 --- [reclamation] [main] o.s.web.client.RestTemplate              : Reading to [org.springframework.cloud.netflix.eureka.http.EurekaApplications]
2025-04-19T01:51:37.391+02:00  INFO 16564 --- [reclamation] [main] com.netflix.discovery.DiscoveryClient    : The response status is 200
2025-04-19T01:51:37.393+02:00  INFO 16564 --- [reclamation] [main] com.netflix.discovery.DiscoveryClient    : Starting heartbeat executor: renew interval is: 30
2025-04-19T01:51:37.394+02:00  INFO 16564 --- [reclamation] [main] c.n.discovery.InstanceInfoReplicator     : InstanceInfoReplicator onDemand update allowed rate per min is 4
2025-04-19T01:51:37.395+02:00  INFO 16564 --- [reclamation] [main] com.netflix.discovery.DiscoveryClient    : Discovery Client initialized at timestamp 1745020297395 with initial instances count: 3
2025-04-19T01:51:37.401+02:00  INFO 16564 --- [reclamation] [main] o.s.c.n.e.s.EurekaServiceRegistry        : Registering application RECLAMATION with eureka with status UP
2025-04-19T01:51:37.401+02:00  INFO 16564 --- [reclamation] [main] com.netflix.discovery.DiscoveryClient    : Saw local status change event StatusChangeEvent [timestamp=1745020297401, current=UP, previous=STARTING]
2025-04-19T01:51:37.402+02:00  INFO 16564 --- [reclamation] [DiscoveryClient-InstanceInfoReplicator-%d] com.netflix.discovery.DiscoveryClient    : DiscoveryClient_RECLAMATION/reclamation:f1ea0560aa6a858822c816c0cfdb13ec: registering service...
2025-04-19T01:51:37.405+02:00 DEBUG 16564 --- [reclamation] [DiscoveryClient-InstanceInfoReplicator-%d] o.s.web.client.RestTemplate              : HTTP POST http://localhost:8761/eureka/apps/RECLAMATION
2025-04-19T01:51:37.407+02:00 DEBUG 16564 --- [reclamation] [DiscoveryClient-InstanceInfoReplicator-%d] o.s.web.client.RestTemplate              : Accept=[application/json, application/yaml, application/*+json]
2025-04-19T01:51:37.419+02:00 DEBUG 16564 --- [reclamation] [DiscoveryClient-InstanceInfoReplicator-%d] o.s.web.client.RestTemplate              : Writing [InstanceInfo [instanceId = reclamation:f1ea0560aa6a858822c816c0cfdb13ec, appName = RECLAMATION, hostName = 169.254.89.196, status = UP, ipAddr = 169.254.89.196, port = 8095, securePort = 443, dataCenterInfo = com.netflix.appinfo.MyDataCenterInfo@4a907e5a] as "application/json"
2025-04-19T01:51:37.423+02:00  INFO 16564 --- [reclamation] [main] o.s.b.w.embedded.tomcat.TomcatWebServer  : Tomcat started on port 8095 (http) with context path '/api/reclamations'
2025-04-19T01:51:37.424+02:00  INFO 16564 --- [reclamation] [main] .s.c.n.e.s.EurekaAutoServiceRegistration : Updating port to 8095
2025-04-19T01:51:37.437+02:00 DEBUG 16564 --- [reclamation] [DiscoveryClient-InstanceInfoReplicator-%d] o.s.web.client.RestTemplate              : Response 204 NO_CONTENT
2025-04-19T01:51:37.437+02:00  INFO 16564 --- [reclamation] [DiscoveryClient-InstanceInfoReplicator-%d] com.netflix.discovery.DiscoveryClient    : DiscoveryClient_RECLAMATION/reclamation:f1ea0560aa6a858822c816c0cfdb13ec - registration status: 204
2025-04-19T01:51:37.671+02:00  INFO 16564 --- [reclamation] [main] c.e.C.CommandeServiceApplication         : Started CommandeServiceApplication in 6.537 seconds (process running for 8.967)
2025-04-19T01:52:07.394+02:00 DEBUG 16564 --- [reclamation] [DiscoveryClient-CacheRefreshExecutor-%d] o.s.web.client.RestTemplate              : HTTP GET http://localhost:8761/eureka/apps/delta
2025-04-19T01:52:07.394+02:00 DEBUG 16564 --- [reclamation] [DiscoveryClient-CacheRefreshExecutor-%d] o.s.web.client.RestTemplate              : Accept=[application/json, application/yaml, application/*+json]
2025-04-19T01:52:07.410+02:00 DEBUG 16564 --- [reclamation] [DiscoveryClient-HeartbeatExecutor-%d] o.s.web.client.RestTemplate              : HTTP PUT http://localhost:8761/eureka/apps/RECLAMATION/reclamation:f1ea0560aa6a858822c816c0cfdb13ec?status=UP&lastDirtyTimestamp=1745020297401
2025-04-19T01:52:07.413+02:00 DEBUG 16564 --- [reclamation] [DiscoveryClient-CacheRefreshExecutor-%d] o.s.web.client.RestTemplate              : Response 200 OK
2025-04-19T01:52:07.413+02:00 DEBUG 16564 --- [reclamation] [DiscoveryClient-CacheRefreshExecutor-%d] o.s.web.client.RestTemplate              : Reading to [org.springframework.cloud.netflix.eureka.http.EurekaApplications]
2025-04-19T01:52:07.417+02:00 DEBUG 16564 --- [reclamation] [DiscoveryClient-HeartbeatExecutor-%d] o.s.web.client.RestTemplate              : Accept=[application/json, application/yaml, application/*+json]
2025-04-19T01:52:07.428+02:00 DEBUG 16564 --- [reclamation] [DiscoveryClient-HeartbeatExecutor-%d] o.s.web.client.RestTemplate              : Response 200 OK
2025-04-19T01:52:37.435+02:00 DEBUG 16564 --- [reclamation] [DiscoveryClient-CacheRefreshExecutor-%d] o.s.web.client.RestTemplate              : HTTP GET http://localhost:8761/eureka/apps/delta
2025-04-19T01:52:37.435+02:00 DEBUG 16564 --- [reclamation] [DiscoveryClient-HeartbeatExecutor-%d] o.s.web.client.RestTemplate              : HTTP PUT http://localhost:8761/eureka/apps/RECLAMATION/reclamation:f1ea0560aa6a858822c816c0cfdb13ec?status=UP&lastDirtyTimestamp=1745020297401
2025-04-19T01:52:37.436+02:00 DEBUG 16564 --- [reclamation] [DiscoveryClient-CacheRefreshExecutor-%d] o.s.web.client.RestTemplate              : Accept=[application/json, application/yaml, application/*+json]
2025-04-19T01:52:37.436+02:00 DEBUG 16564 --- [reclamation] [DiscoveryClient-HeartbeatExecutor-%d] o.s.web.client.RestTemplate              : Accept=[application/json, application/yaml, application/*+json]
2025-04-19T01:52:37.453+02:00 DEBUG 16564 --- [reclamation] [DiscoveryClient-HeartbeatExecutor-%d] o.s.web.client.RestTemplate              : Response 200 OK
2025-04-19T01:52:37.453+02:00 DEBUG 16564 --- [reclamation] [DiscoveryClient-CacheRefreshExecutor-%d] o.s.web.client.RestTemplate              : Response 200 OK
2025-04-19T01:52:37.453+02:00 DEBUG 16564 --- [reclamation] [DiscoveryClient-CacheRefreshExecutor-%d] o.s.web.client.RestTemplate              : Reading to [org.springframework.cloud.netflix.eureka.http.EurekaApplications]
2025-04-19T01:53:07.461+02:00 DEBUG 16564 --- [reclamation] [DiscoveryClient-CacheRefreshExecutor-%d] o.s.web.client.RestTemplate              : HTTP GET http://localhost:8761/eureka/apps/delta
2025-04-19T01:53:07.461+02:00 DEBUG 16564 --- [reclamation] [DiscoveryClient-HeartbeatExecutor-%d] o.s.web.client.RestTemplate              : HTTP PUT http://localhost:8761/eureka/apps/RECLAMATION/reclamation:f1ea0560aa6a858822c816c0cfdb13ec?status=UP&lastDirtyTimestamp=1745020297401
2025-04-19T01:53:07.462+02:00 DEBUG 16564 --- [reclamation] [DiscoveryClient-CacheRefreshExecutor-%d] o.s.web.client.RestTemplate              : Accept=[application/json, application/yaml, application/*+json]
2025-04-19T01:53:07.462+02:00 DEBUG 16564 --- [reclamation] [DiscoveryClient-HeartbeatExecutor-%d] o.s.web.client.RestTemplate              : Accept=[application/json, application/yaml, application/*+json]
2025-04-19T01:53:07.480+02:00 DEBUG 16564 --- [reclamation] [DiscoveryClient-CacheRefreshExecutor-%d] o.s.web.client.RestTemplate              : Response 200 OK
2025-04-19T01:53:07.480+02:00 DEBUG 16564 --- [reclamation] [DiscoveryClient-CacheRefreshExecutor-%d] o.s.web.client.RestTemplate              : Reading to [org.springframework.cloud.netflix.eureka.http.EurekaApplications]
2025-04-19T01:53:07.480+02:00 DEBUG 16564 --- [reclamation] [DiscoveryClient-HeartbeatExecutor-%d] o.s.web.client.RestTemplate              : Response 200 OK
2025-04-19T01:53:37.497+02:00 DEBUG 16564 --- [reclamation] [DiscoveryClient-CacheRefreshExecutor-%d] o.s.web.client.RestTemplate              : HTTP GET http://localhost:8761/eureka/apps/delta
2025-04-19T01:53:37.497+02:00 DEBUG 16564 --- [reclamation] [DiscoveryClient-HeartbeatExecutor-%d] o.s.web.client.RestTemplate              : HTTP PUT http://localhost:8761/eureka/apps/RECLAMATION/reclamation:f1ea0560aa6a858822c816c0cfdb13ec?status=UP&lastDirtyTimestamp=1745020297401
2025-04-19T01:53:37.497+02:00 DEBUG 16564 --- [reclamation] [DiscoveryClient-CacheRefreshExecutor-%d] o.s.web.client.RestTemplate              : Accept=[application/json, application/yaml, application/*+json]
2025-04-19T01:53:37.497+02:00 DEBUG 16564 --- [reclamation] [DiscoveryClient-HeartbeatExecutor-%d] o.s.web.client.RestTemplate              : Accept=[application/json, application/yaml, application/*+json]
2025-04-19T01:53:37.515+02:00 DEBUG 16564 --- [reclamation] [DiscoveryClient-HeartbeatExecutor-%d] o.s.web.client.RestTemplate              : Response 200 OK
2025-04-19T01:53:37.515+02:00 DEBUG 16564 --- [reclamation] [DiscoveryClient-CacheRefreshExecutor-%d] o.s.web.client.RestTemplate              : Response 200 OK
2025-04-19T01:53:37.515+02:00 DEBUG 16564 --- [reclamation] [DiscoveryClient-CacheRefreshExecutor-%d] o.s.web.client.RestTemplate              : Reading to [org.springframework.cloud.netflix.eureka.http.EurekaApplications]
2025-04-19T01:54:07.522+02:00 DEBUG 16564 --- [reclamation] [DiscoveryClient-HeartbeatExecutor-%d] o.s.web.client.RestTemplate              : HTTP PUT http://localhost:8761/eureka/apps/RECLAMATION/reclamation:f1ea0560aa6a858822c816c0cfdb13ec?status=UP&lastDirtyTimestamp=1745020297401
2025-04-19T01:54:07.522+02:00 DEBUG 16564 --- [reclamation] [DiscoveryClient-CacheRefreshExecutor-%d] o.s.web.client.RestTemplate              : HTTP GET http://localhost:8761/eureka/apps/delta
2025-04-19T01:54:07.523+02:00 DEBUG 16564 --- [reclamation] [DiscoveryClient-HeartbeatExecutor-%d] o.s.web.client.RestTemplate              : Accept=[application/json, application/yaml, application/*+json]
2025-04-19T01:54:07.523+02:00 DEBUG 16564 --- [reclamation] [DiscoveryClient-CacheRefreshExecutor-%d] o.s.web.client.RestTemplate              : Accept=[application/json, application/yaml, application/*+json]
2025-04-19T01:54:07.540+02:00 DEBUG 16564 --- [reclamation] [DiscoveryClient-HeartbeatExecutor-%d] o.s.web.client.RestTemplate              : Response 200 OK
2025-04-19T01:54:07.540+02:00 DEBUG 16564 --- [reclamation] [DiscoveryClient-CacheRefreshExecutor-%d] o.s.web.client.RestTemplate              : Response 200 OK
2025-04-19T01:54:07.541+02:00 DEBUG 16564 --- [reclamation] [DiscoveryClient-CacheRefreshExecutor-%d] o.s.web.client.RestTemplate              : Reading to [org.springframework.cloud.netflix.eureka.http.EurekaApplications]
2025-04-19T01:54:37.549+02:00 DEBUG 16564 --- [reclamation] [DiscoveryClient-CacheRefreshExecutor-%d] o.s.web.client.RestTemplate              : HTTP GET http://localhost:8761/eureka/apps/delta
2025-04-19T01:54:37.549+02:00 DEBUG 16564 --- [reclamation] [DiscoveryClient-HeartbeatExecutor-%d] o.s.web.client.RestTemplate              : HTTP PUT http://localhost:8761/eureka/apps/RECLAMATION/reclamation:f1ea0560aa6a858822c816c0cfdb13ec?status=UP&lastDirtyTimestamp=1745020297401
2025-04-19T01:54:37.549+02:00 DEBUG 16564 --- [reclamation] [DiscoveryClient-CacheRefreshExecutor-%d] o.s.web.client.RestTemplate              : Accept=[application/json, application/yaml, application/*+json]
2025-04-19T01:54:37.549+02:00 DEBUG 16564 --- [reclamation] [DiscoveryClient-HeartbeatExecutor-%d] o.s.web.client.RestTemplate              : Accept=[application/json, application/yaml, application/*+json]
2025-04-19T01:54:37.567+02:00 DEBUG 16564 --- [reclamation] [DiscoveryClient-CacheRefreshExecutor-%d] o.s.web.client.RestTemplate              : Response 200 OK
2025-04-19T01:54:37.567+02:00 DEBUG 16564 --- [reclamation] [DiscoveryClient-HeartbeatExecutor-%d] o.s.web.client.RestTemplate              : Response 200 OK
2025-04-19T01:54:37.567+02:00 DEBUG 16564 --- [reclamation] [DiscoveryClient-CacheRefreshExecutor-%d] o.s.web.client.RestTemplate              : Reading to [org.springframework.cloud.netflix.eureka.http.EurekaApplications]
2025-04-19T01:55:07.573+02:00 DEBUG 16564 --- [reclamation] [DiscoveryClient-HeartbeatExecutor-%d] o.s.web.client.RestTemplate              : HTTP PUT http://localhost:8761/eureka/apps/RECLAMATION/reclamation:f1ea0560aa6a858822c816c0cfdb13ec?status=UP&lastDirtyTimestamp=1745020297401
2025-04-19T01:55:07.573+02:00 DEBUG 16564 --- [reclamation] [DiscoveryClient-CacheRefreshExecutor-%d] o.s.web.client.RestTemplate              : HTTP GET http://localhost:8761/eureka/apps/delta
2025-04-19T01:55:07.573+02:00 DEBUG 16564 --- [reclamation] [DiscoveryClient-HeartbeatExecutor-%d] o.s.web.client.RestTemplate              : Accept=[application/json, application/yaml, application/*+json]
2025-04-19T01:55:07.573+02:00 DEBUG 16564 --- [reclamation] [DiscoveryClient-CacheRefreshExecutor-%d] o.s.web.client.RestTemplate              : Accept=[application/json, application/yaml, application/*+json]
2025-04-19T01:55:07.590+02:00 DEBUG 16564 --- [reclamation] [DiscoveryClient-CacheRefreshExecutor-%d] o.s.web.client.RestTemplate              : Response 200 OK
2025-04-19T01:55:07.590+02:00 DEBUG 16564 --- [reclamation] [DiscoveryClient-HeartbeatExecutor-%d] o.s.web.client.RestTemplate              : Response 200 OK
2025-04-19T01:55:07.591+02:00 DEBUG 16564 --- [reclamation] [DiscoveryClient-CacheRefreshExecutor-%d] o.s.web.client.RestTemplate              : Reading to [org.springframework.cloud.netflix.eureka.http.EurekaApplications]
2025-04-19T01:55:37.607+02:00 DEBUG 16564 --- [reclamation] [DiscoveryClient-CacheRefreshExecutor-%d] o.s.web.client.RestTemplate              : HTTP GET http://localhost:8761/eureka/apps/delta
2025-04-19T01:55:37.607+02:00 DEBUG 16564 --- [reclamation] [DiscoveryClient-HeartbeatExecutor-%d] o.s.web.client.RestTemplate              : HTTP PUT http://localhost:8761/eureka/apps/RECLAMATION/reclamation:f1ea0560aa6a858822c816c0cfdb13ec?status=UP&lastDirtyTimestamp=1745020297401
2025-04-19T01:55:37.608+02:00 DEBUG 16564 --- [reclamation] [DiscoveryClient-CacheRefreshExecutor-%d] o.s.web.client.RestTemplate              : Accept=[application/json, application/yaml, application/*+json]
2025-04-19T01:55:37.608+02:00 DEBUG 16564 --- [reclamation] [DiscoveryClient-HeartbeatExecutor-%d] o.s.web.client.RestTemplate              : Accept=[application/json, application/yaml, application/*+json]
2025-04-19T01:55:37.628+02:00 DEBUG 16564 --- [reclamation] [DiscoveryClient-HeartbeatExecutor-%d] o.s.web.client.RestTemplate              : Response 200 OK
2025-04-19T01:55:37.628+02:00 DEBUG 16564 --- [reclamation] [DiscoveryClient-CacheRefreshExecutor-%d] o.s.web.client.RestTemplate              : Response 200 OK
2025-04-19T01:55:37.629+02:00 DEBUG 16564 --- [reclamation] [DiscoveryClient-CacheRefreshExecutor-%d] o.s.web.client.RestTemplate              : Reading to [org.springframework.cloud.netflix.eureka.http.EurekaApplications]
2025-04-19T01:56:07.643+02:00 DEBUG 16564 --- [reclamation] [DiscoveryClient-CacheRefreshExecutor-%d] o.s.web.client.RestTemplate              : HTTP GET http://localhost:8761/eureka/apps/delta
2025-04-19T01:56:07.643+02:00 DEBUG 16564 --- [reclamation] [DiscoveryClient-HeartbeatExecutor-%d] o.s.web.client.RestTemplate              : HTTP PUT http://localhost:8761/eureka/apps/RECLAMATION/reclamation:f1ea0560aa6a858822c816c0cfdb13ec?status=UP&lastDirtyTimestamp=1745020297401
2025-04-19T01:56:07.643+02:00 DEBUG 16564 --- [reclamation] [DiscoveryClient-CacheRefreshExecutor-%d] o.s.web.client.RestTemplate              : Accept=[application/json, application/yaml, application/*+json]
2025-04-19T01:56:07.643+02:00 DEBUG 16564 --- [reclamation] [DiscoveryClient-HeartbeatExecutor-%d] o.s.web.client.RestTemplate              : Accept=[application/json, application/yaml, application/*+json]
2025-04-19T01:56:07.660+02:00 DEBUG 16564 --- [reclamation] [DiscoveryClient-HeartbeatExecutor-%d] o.s.web.client.RestTemplate              : Response 200 OK
2025-04-19T01:56:07.660+02:00 DEBUG 16564 --- [reclamation] [DiscoveryClient-CacheRefreshExecutor-%d] o.s.web.client.RestTemplate              : Response 200 OK
2025-04-19T01:56:07.661+02:00 DEBUG 16564 --- [reclamation] [DiscoveryClient-CacheRefreshExecutor-%d] o.s.web.client.RestTemplate              : Reading to [org.springframework.cloud.netflix.eureka.http.EurekaApplications]
2025-04-19T01:56:37.214+02:00  INFO 16564 --- [reclamation] [AsyncResolver-bootstrap-executor-%d] c.n.d.s.r.aws.ConfigClusterResolver      : Resolving eureka endpoints via configuration
2025-04-19T01:56:37.669+02:00 DEBUG 16564 --- [reclamation] [DiscoveryClient-CacheRefreshExecutor-%d] o.s.web.client.RestTemplate              : HTTP GET http://localhost:8761/eureka/apps/delta
2025-04-19T01:56:37.670+02:00 DEBUG 16564 --- [reclamation] [DiscoveryClient-HeartbeatExecutor-%d] o.s.web.client.RestTemplate              : HTTP PUT http://localhost:8761/eureka/apps/RECLAMATION/reclamation:f1ea0560aa6a858822c816c0cfdb13ec?status=UP&lastDirtyTimestamp=1745020297401
2025-04-19T01:56:37.672+02:00 DEBUG 16564 --- [reclamation] [DiscoveryClient-HeartbeatExecutor-%d] o.s.web.client.RestTemplate              : Accept=[application/json, application/yaml, application/*+json]
2025-04-19T01:56:37.672+02:00 DEBUG 16564 --- [reclamation] [DiscoveryClient-CacheRefreshExecutor-%d] o.s.web.client.RestTemplate              : Accept=[application/json, application/yaml, application/*+json]
2025-04-19T01:56:37.692+02:00 DEBUG 16564 --- [reclamation] [DiscoveryClient-CacheRefreshExecutor-%d] o.s.web.client.RestTemplate              : Response 200 OK
2025-04-19T01:56:37.692+02:00 DEBUG 16564 --- [reclamation] [DiscoveryClient-HeartbeatExecutor-%d] o.s.web.client.RestTemplate              : Response 200 OK
2025-04-19T01:56:37.693+02:00 DEBUG 16564 --- [reclamation] [DiscoveryClient-CacheRefreshExecutor-%d] o.s.web.client.RestTemplate              : Reading to [org.springframework.cloud.netflix.eureka.http.EurekaApplications]
2025-04-19T01:57:07.697+02:00 DEBUG 16564 --- [reclamation] [DiscoveryClient-HeartbeatExecutor-%d] o.s.web.client.RestTemplate              : HTTP PUT http://localhost:8761/eureka/apps/RECLAMATION/reclamation:f1ea0560aa6a858822c816c0cfdb13ec?status=UP&lastDirtyTimestamp=1745020297401
2025-04-19T01:57:07.697+02:00 DEBUG 16564 --- [reclamation] [DiscoveryClient-HeartbeatExecutor-%d] o.s.web.client.RestTemplate              : Accept=[application/json, application/yaml, application/*+json]
2025-04-19T01:57:07.712+02:00 DEBUG 16564 --- [reclamation] [DiscoveryClient-CacheRefreshExecutor-%d] o.s.web.client.RestTemplate              : HTTP GET http://localhost:8761/eureka/apps/delta
2025-04-19T01:57:07.715+02:00 DEBUG 16564 --- [reclamation] [DiscoveryClient-CacheRefreshExecutor-%d] o.s.web.client.RestTemplate              : Accept=[application/json, application/yaml, application/*+json]
2025-04-19T01:57:07.719+02:00 DEBUG 16564 --- [reclamation] [DiscoveryClient-HeartbeatExecutor-%d] o.s.web.client.RestTemplate              : Response 200 OK
2025-04-19T01:57:07.732+02:00 DEBUG 16564 --- [reclamation] [DiscoveryClient-CacheRefreshExecutor-%d] o.s.web.client.RestTemplate              : Response 200 OK
2025-04-19T01:57:07.732+02:00 DEBUG 16564 --- [reclamation] [DiscoveryClient-CacheRefreshExecutor-%d] o.s.web.client.RestTemplate              : Reading to [org.springframework.cloud.netflix.eureka.http.EurekaApplications]
2025-04-19T01:57:37.735+02:00 DEBUG 16564 --- [reclamation] [DiscoveryClient-CacheRefreshExecutor-%d] o.s.web.client.RestTemplate              : HTTP GET http://localhost:8761/eureka/apps/delta
2025-04-19T01:57:37.735+02:00 DEBUG 16564 --- [reclamation] [DiscoveryClient-HeartbeatExecutor-%d] o.s.web.client.RestTemplate              : HTTP PUT http://localhost:8761/eureka/apps/RECLAMATION/reclamation:f1ea0560aa6a858822c816c0cfdb13ec?status=UP&lastDirtyTimestamp=1745020297401
2025-04-19T01:57:37.736+02:00 DEBUG 16564 --- [reclamation] [DiscoveryClient-CacheRefreshExecutor-%d] o.s.web.client.RestTemplate              : Accept=[application/json, application/yaml, application/*+json]
2025-04-19T01:57:37.736+02:00 DEBUG 16564 --- [reclamation] [DiscoveryClient-HeartbeatExecutor-%d] o.s.web.client.RestTemplate              : Accept=[application/json, application/yaml, application/*+json]
2025-04-19T01:57:37.753+02:00 DEBUG 16564 --- [reclamation] [DiscoveryClient-HeartbeatExecutor-%d] o.s.web.client.RestTemplate              : Response 200 OK
2025-04-19T01:57:37.753+02:00 DEBUG 16564 --- [reclamation] [DiscoveryClient-CacheRefreshExecutor-%d] o.s.web.client.RestTemplate              : Response 200 OK
2025-04-19T01:57:37.753+02:00 DEBUG 16564 --- [reclamation] [DiscoveryClient-CacheRefreshExecutor-%d] o.s.web.client.RestTemplate              : Reading to [org.springframework.cloud.netflix.eureka.http.EurekaApplications]
2025-04-19T01:58:07.765+02:00 DEBUG 16564 --- [reclamation] [DiscoveryClient-CacheRefreshExecutor-%d] o.s.web.client.RestTemplate              : HTTP GET http://localhost:8761/eureka/apps/delta
2025-04-19T01:58:07.766+02:00 DEBUG 16564 --- [reclamation] [DiscoveryClient-CacheRefreshExecutor-%d] o.s.web.client.RestTemplate              : Accept=[application/json, application/yaml, application/*+json]
2025-04-19T01:58:07.767+02:00 DEBUG 16564 --- [reclamation] [DiscoveryClient-HeartbeatExecutor-%d] o.s.web.client.RestTemplate              : HTTP PUT http://localhost:8761/eureka/apps/RECLAMATION/reclamation:f1ea0560aa6a858822c816c0cfdb13ec?status=UP&lastDirtyTimestamp=1745020297401
2025-04-19T01:58:07.767+02:00 DEBUG 16564 --- [reclamation] [DiscoveryClient-HeartbeatExecutor-%d] o.s.web.client.RestTemplate              : Accept=[application/json, application/yaml, application/*+json]
2025-04-19T01:58:07.783+02:00 DEBUG 16564 --- [reclamation] [DiscoveryClient-CacheRefreshExecutor-%d] o.s.web.client.RestTemplate              : Response 200 OK
2025-04-19T01:58:07.783+02:00 DEBUG 16564 --- [reclamation] [DiscoveryClient-HeartbeatExecutor-%d] o.s.web.client.RestTemplate              : Response 200 OK
2025-04-19T01:58:07.783+02:00 DEBUG 16564 --- [reclamation] [DiscoveryClient-CacheRefreshExecutor-%d] o.s.web.client.RestTemplate              : Reading to [org.springframework.cloud.netflix.eureka.http.EurekaApplications]
2025-04-19T01:58:37.789+02:00 DEBUG 16564 --- [reclamation] [DiscoveryClient-HeartbeatExecutor-%d] o.s.web.client.RestTemplate              : HTTP PUT http://localhost:8761/eureka/apps/RECLAMATION/reclamation:f1ea0560aa6a858822c816c0cfdb13ec?status=UP&lastDirtyTimestamp=1745020297401
2025-04-19T01:58:37.789+02:00 DEBUG 16564 --- [reclamation] [DiscoveryClient-CacheRefreshExecutor-%d] o.s.web.client.RestTemplate              : HTTP GET http://localhost:8761/eureka/apps/delta
2025-04-19T01:58:37.790+02:00 DEBUG 16564 --- [reclamation] [DiscoveryClient-HeartbeatExecutor-%d] o.s.web.client.RestTemplate              : Accept=[application/json, application/yaml, application/*+json]
2025-04-19T01:58:37.790+02:00 DEBUG 16564 --- [reclamation] [DiscoveryClient-CacheRefreshExecutor-%d] o.s.web.client.RestTemplate              : Accept=[application/json, application/yaml, application/*+json]
2025-04-19T01:58:37.809+02:00 DEBUG 16564 --- [reclamation] [DiscoveryClient-CacheRefreshExecutor-%d] o.s.web.client.RestTemplate              : Response 200 OK
2025-04-19T01:58:37.809+02:00 DEBUG 16564 --- [reclamation] [DiscoveryClient-HeartbeatExecutor-%d] o.s.web.client.RestTemplate              : Response 200 OK
2025-04-19T01:58:37.810+02:00 DEBUG 16564 --- [reclamation] [DiscoveryClient-CacheRefreshExecutor-%d] o.s.web.client.RestTemplate              : Reading to [org.springframework.cloud.netflix.eureka.http.EurekaApplications]
2025-04-19T01:59:07.813+02:00 DEBUG 16564 --- [reclamation] [DiscoveryClient-CacheRefreshExecutor-%d] o.s.web.client.RestTemplate              : HTTP GET http://localhost:8761/eureka/apps/delta
2025-04-19T01:59:07.815+02:00 DEBUG 16564 --- [reclamation] [DiscoveryClient-HeartbeatExecutor-%d] o.s.web.client.RestTemplate              : HTTP PUT http://localhost:8761/eureka/apps/RECLAMATION/reclamation:f1ea0560aa6a858822c816c0cfdb13ec?status=UP&lastDirtyTimestamp=1745020297401
2025-04-19T01:59:07.816+02:00 DEBUG 16564 --- [reclamation] [DiscoveryClient-CacheRefreshExecutor-%d] o.s.web.client.RestTemplate              : Accept=[application/json, application/yaml, application/*+json]
2025-04-19T01:59:07.819+02:00 DEBUG 16564 --- [reclamation] [DiscoveryClient-HeartbeatExecutor-%d] o.s.web.client.RestTemplate              : Accept=[application/json, application/yaml, application/*+json]
2025-04-19T01:59:07.834+02:00 DEBUG 16564 --- [reclamation] [DiscoveryClient-HeartbeatExecutor-%d] o.s.web.client.RestTemplate              : Response 200 OK
2025-04-19T01:59:07.834+02:00 DEBUG 16564 --- [reclamation] [DiscoveryClient-CacheRefreshExecutor-%d] o.s.web.client.RestTemplate              : Response 200 OK
2025-04-19T01:59:07.835+02:00 DEBUG 16564 --- [reclamation] [DiscoveryClient-CacheRefreshExecutor-%d] o.s.web.client.RestTemplate              : Reading to [org.springframework.cloud.netflix.eureka.http.EurekaApplications]
2025-04-19T01:59:37.851+02:00 DEBUG 16564 --- [reclamation] [DiscoveryClient-CacheRefreshExecutor-%d] o.s.web.client.RestTemplate              : HTTP GET http://localhost:8761/eureka/apps/delta
2025-04-19T01:59:37.851+02:00 DEBUG 16564 --- [reclamation] [DiscoveryClient-HeartbeatExecutor-%d] o.s.web.client.RestTemplate              : HTTP PUT http://localhost:8761/eureka/apps/RECLAMATION/reclamation:f1ea0560aa6a858822c816c0cfdb13ec?status=UP&lastDirtyTimestamp=1745020297401
2025-04-19T01:59:37.851+02:00 DEBUG 16564 --- [reclamation] [DiscoveryClient-HeartbeatExecutor-%d] o.s.web.client.RestTemplate              : Accept=[application/json, application/yaml, application/*+json]
2025-04-19T01:59:37.851+02:00 DEBUG 16564 --- [reclamation] [DiscoveryClient-CacheRefreshExecutor-%d] o.s.web.client.RestTemplate              : Accept=[application/json, application/yaml, application/*+json]
2025-04-19T01:59:37.869+02:00 DEBUG 16564 --- [reclamation] [DiscoveryClient-CacheRefreshExecutor-%d] o.s.web.client.RestTemplate              : Response 200 OK
2025-04-19T01:59:37.869+02:00 DEBUG 16564 --- [reclamation] [DiscoveryClient-HeartbeatExecutor-%d] o.s.web.client.RestTemplate              : Response 200 OK
2025-04-19T01:59:37.869+02:00 DEBUG 16564 --- [reclamation] [DiscoveryClient-CacheRefreshExecutor-%d] o.s.web.client.RestTemplate              : Reading to [org.springframework.cloud.netflix.eureka.http.EurekaApplications]
2025-04-19T02:00:07.876+02:00 DEBUG 16564 --- [reclamation] [DiscoveryClient-CacheRefreshExecutor-%d] o.s.web.client.RestTemplate              : HTTP GET http://localhost:8761/eureka/apps/delta
2025-04-19T02:00:07.877+02:00 DEBUG 16564 --- [reclamation] [DiscoveryClient-HeartbeatExecutor-%d] o.s.web.client.RestTemplate              : HTTP PUT http://localhost:8761/eureka/apps/RECLAMATION/reclamation:f1ea0560aa6a858822c816c0cfdb13ec?status=UP&lastDirtyTimestamp=1745020297401
2025-04-19T02:00:07.878+02:00 DEBUG 16564 --- [reclamation] [DiscoveryClient-CacheRefreshExecutor-%d] o.s.web.client.RestTemplate              : Accept=[application/json, application/yaml, application/*+json]
2025-04-19T02:00:07.878+02:00 DEBUG 16564 --- [reclamation] [DiscoveryClient-HeartbeatExecutor-%d] o.s.web.client.RestTemplate              : Accept=[application/json, application/yaml, application/*+json]
2025-04-19T02:00:07.895+02:00 DEBUG 16564 --- [reclamation] [DiscoveryClient-HeartbeatExecutor-%d] o.s.web.client.RestTemplate              : Response 200 OK
2025-04-19T02:00:07.895+02:00 DEBUG 16564 --- [reclamation] [DiscoveryClient-CacheRefreshExecutor-%d] o.s.web.client.RestTemplate              : Response 200 OK
2025-04-19T02:00:07.896+02:00 DEBUG 16564 --- [reclamation] [DiscoveryClient-CacheRefreshExecutor-%d] o.s.web.client.RestTemplate              : Reading to [org.springframework.cloud.netflix.eureka.http.EurekaApplications]
2025-04-19T02:00:37.903+02:00 DEBUG 16564 --- [reclamation] [DiscoveryClient-HeartbeatExecutor-%d] o.s.web.client.RestTemplate              : HTTP PUT http://localhost:8761/eureka/apps/RECLAMATION/reclamation:f1ea0560aa6a858822c816c0cfdb13ec?status=UP&lastDirtyTimestamp=1745020297401
2025-04-19T02:00:37.903+02:00 DEBUG 16564 --- [reclamation] [DiscoveryClient-CacheRefreshExecutor-%d] o.s.web.client.RestTemplate              : HTTP GET http://localhost:8761/eureka/apps/delta
2025-04-19T02:00:37.904+02:00 DEBUG 16564 --- [reclamation] [DiscoveryClient-HeartbeatExecutor-%d] o.s.web.client.RestTemplate              : Accept=[application/json, application/yaml, application/*+json]
2025-04-19T02:00:37.904+02:00 DEBUG 16564 --- [reclamation] [DiscoveryClient-CacheRefreshExecutor-%d] o.s.web.client.RestTemplate              : Accept=[application/json, application/yaml, application/*+json]
2025-04-19T02:00:37.922+02:00 DEBUG 16564 --- [reclamation] [DiscoveryClient-CacheRefreshExecutor-%d] o.s.web.client.RestTemplate              : Response 200 OK
2025-04-19T02:00:37.922+02:00 DEBUG 16564 --- [reclamation] [DiscoveryClient-HeartbeatExecutor-%d] o.s.web.client.RestTemplate              : Response 200 OK
2025-04-19T02:00:37.922+02:00 DEBUG 16564 --- [reclamation] [DiscoveryClient-CacheRefreshExecutor-%d] o.s.web.client.RestTemplate              : Reading to [org.springframework.cloud.netflix.eureka.http.EurekaApplications]
2025-04-19T02:01:07.935+02:00 DEBUG 16564 --- [reclamation] [DiscoveryClient-HeartbeatExecutor-%d] o.s.web.client.RestTemplate              : HTTP PUT http://localhost:8761/eureka/apps/RECLAMATION/reclamation:f1ea0560aa6a858822c816c0cfdb13ec?status=UP&lastDirtyTimestamp=1745020297401
2025-04-19T02:01:07.935+02:00 DEBUG 16564 --- [reclamation] [DiscoveryClient-CacheRefreshExecutor-%d] o.s.web.client.RestTemplate              : HTTP GET http://localhost:8761/eureka/apps/delta
2025-04-19T02:01:07.935+02:00 DEBUG 16564 --- [reclamation] [DiscoveryClient-HeartbeatExecutor-%d] o.s.web.client.RestTemplate              : Accept=[application/json, application/yaml, application/*+json]
2025-04-19T02:01:07.935+02:00 DEBUG 16564 --- [reclamation] [DiscoveryClient-CacheRefreshExecutor-%d] o.s.web.client.RestTemplate              : Accept=[application/json, application/yaml, application/*+json]
2025-04-19T02:01:07.952+02:00 DEBUG 16564 --- [reclamation] [DiscoveryClient-CacheRefreshExecutor-%d] o.s.web.client.RestTemplate              : Response 200 OK
2025-04-19T02:01:07.952+02:00 DEBUG 16564 --- [reclamation] [DiscoveryClient-HeartbeatExecutor-%d] o.s.web.client.RestTemplate              : Response 200 OK
2025-04-19T02:01:07.953+02:00 DEBUG 16564 --- [reclamation] [DiscoveryClient-CacheRefreshExecutor-%d] o.s.web.client.RestTemplate              : Reading to [org.springframework.cloud.netflix.eureka.http.EurekaApplications]
2025-04-19T02:01:37.228+02:00  INFO 16564 --- [reclamation] [AsyncResolver-bootstrap-executor-%d] c.n.d.s.r.aws.ConfigClusterResolver      : Resolving eureka endpoints via configuration
2025-04-19T02:01:37.962+02:00 DEBUG 16564 --- [reclamation] [DiscoveryClient-CacheRefreshExecutor-%d] o.s.web.client.RestTemplate              : HTTP GET http://localhost:8761/eureka/apps/delta
2025-04-19T02:01:37.962+02:00 DEBUG 16564 --- [reclamation] [DiscoveryClient-HeartbeatExecutor-%d] o.s.web.client.RestTemplate              : HTTP PUT http://localhost:8761/eureka/apps/RECLAMATION/reclamation:f1ea0560aa6a858822c816c0cfdb13ec?status=UP&lastDirtyTimestamp=1745020297401
2025-04-19T02:01:37.962+02:00 DEBUG 16564 --- [reclamation] [DiscoveryClient-CacheRefreshExecutor-%d] o.s.web.client.RestTemplate              : Accept=[application/json, application/yaml, application/*+json]
2025-04-19T02:01:37.962+02:00 DEBUG 16564 --- [reclamation] [DiscoveryClient-HeartbeatExecutor-%d] o.s.web.client.RestTemplate              : Accept=[application/json, application/yaml, application/*+json]
2025-04-19T02:01:37.981+02:00 DEBUG 16564 --- [reclamation] [DiscoveryClient-HeartbeatExecutor-%d] o.s.web.client.RestTemplate              : Response 200 OK
2025-04-19T02:01:37.981+02:00 DEBUG 16564 --- [reclamation] [DiscoveryClient-CacheRefreshExecutor-%d] o.s.web.client.RestTemplate              : Response 200 OK
2025-04-19T02:01:37.981+02:00 DEBUG 16564 --- [reclamation] [DiscoveryClient-CacheRefreshExecutor-%d] o.s.web.client.RestTemplate              : Reading to [org.springframework.cloud.netflix.eureka.http.EurekaApplications]
2025-04-19T02:02:07.982+02:00 DEBUG 16564 --- [reclamation] [DiscoveryClient-HeartbeatExecutor-%d] o.s.web.client.RestTemplate              : HTTP PUT http://localhost:8761/eureka/apps/RECLAMATION/reclamation:f1ea0560aa6a858822c816c0cfdb13ec?status=UP&lastDirtyTimestamp=1745020297401
2025-04-19T02:02:07.982+02:00 DEBUG 16564 --- [reclamation] [DiscoveryClient-HeartbeatExecutor-%d] o.s.web.client.RestTemplate              : Accept=[application/json, application/yaml, application/*+json]
2025-04-19T02:02:07.997+02:00 DEBUG 16564 --- [reclamation] [DiscoveryClient-CacheRefreshExecutor-%d] o.s.web.client.RestTemplate              : HTTP GET http://localhost:8761/eureka/apps/delta
2025-04-19T02:02:07.997+02:00 DEBUG 16564 --- [reclamation] [DiscoveryClient-CacheRefreshExecutor-%d] o.s.web.client.RestTemplate              : Accept=[application/json, application/yaml, application/*+json]
2025-04-19T02:02:07.999+02:00 DEBUG 16564 --- [reclamation] [DiscoveryClient-HeartbeatExecutor-%d] o.s.web.client.RestTemplate              : Response 200 OK
2025-04-19T02:02:08.013+02:00 DEBUG 16564 --- [reclamation] [DiscoveryClient-CacheRefreshExecutor-%d] o.s.web.client.RestTemplate              : Response 200 OK
2025-04-19T02:02:08.014+02:00 DEBUG 16564 --- [reclamation] [DiscoveryClient-CacheRefreshExecutor-%d] o.s.web.client.RestTemplate              : Reading to [org.springframework.cloud.netflix.eureka.http.EurekaApplications]
2025-04-19T02:02:38.013+02:00 DEBUG 16564 --- [reclamation] [DiscoveryClient-HeartbeatExecutor-%d] o.s.web.client.RestTemplate              : HTTP PUT http://localhost:8761/eureka/apps/RECLAMATION/reclamation:f1ea0560aa6a858822c816c0cfdb13ec?status=UP&lastDirtyTimestamp=1745020297401
2025-04-19T02:02:38.017+02:00 DEBUG 16564 --- [reclamation] [DiscoveryClient-HeartbeatExecutor-%d] o.s.web.client.RestTemplate              : Accept=[application/json, application/yaml, application/*+json]
2025-04-19T02:02:38.026+02:00 DEBUG 16564 --- [reclamation] [DiscoveryClient-CacheRefreshExecutor-%d] o.s.web.client.RestTemplate              : HTTP GET http://localhost:8761/eureka/apps/delta
2025-04-19T02:02:38.026+02:00 DEBUG 16564 --- [reclamation] [DiscoveryClient-CacheRefreshExecutor-%d] o.s.web.client.RestTemplate              : Accept=[application/json, application/yaml, application/*+json]
2025-04-19T02:02:38.030+02:00 DEBUG 16564 --- [reclamation] [DiscoveryClient-HeartbeatExecutor-%d] o.s.web.client.RestTemplate              : Response 200 OK
2025-04-19T02:02:38.043+02:00 DEBUG 16564 --- [reclamation] [DiscoveryClient-CacheRefreshExecutor-%d] o.s.web.client.RestTemplate              : Response 200 OK
2025-04-19T02:02:38.044+02:00 DEBUG 16564 --- [reclamation] [DiscoveryClient-CacheRefreshExecutor-%d] o.s.web.client.RestTemplate              : Reading to [org.springframework.cloud.netflix.eureka.http.EurekaApplications]
2025-04-19T02:03:08.041+02:00 DEBUG 16564 --- [reclamation] [DiscoveryClient-HeartbeatExecutor-%d] o.s.web.client.RestTemplate              : HTTP PUT http://localhost:8761/eureka/apps/RECLAMATION/reclamation:f1ea0560aa6a858822c816c0cfdb13ec?status=UP&lastDirtyTimestamp=1745020297401
2025-04-19T02:03:08.041+02:00 DEBUG 16564 --- [reclamation] [DiscoveryClient-HeartbeatExecutor-%d] o.s.web.client.RestTemplate              : Accept=[application/json, application/yaml, application/*+json]
2025-04-19T02:03:08.057+02:00 DEBUG 16564 --- [reclamation] [DiscoveryClient-CacheRefreshExecutor-%d] o.s.web.client.RestTemplate              : HTTP GET http://localhost:8761/eureka/apps/delta
2025-04-19T02:03:08.058+02:00 DEBUG 16564 --- [reclamation] [DiscoveryClient-CacheRefreshExecutor-%d] o.s.web.client.RestTemplate              : Accept=[application/json, application/yaml, application/*+json]
2025-04-19T02:03:08.060+02:00 DEBUG 16564 --- [reclamation] [DiscoveryClient-HeartbeatExecutor-%d] o.s.web.client.RestTemplate              : Response 200 OK
2025-04-19T02:03:08.075+02:00 DEBUG 16564 --- [reclamation] [DiscoveryClient-CacheRefreshExecutor-%d] o.s.web.client.RestTemplate              : Response 200 OK
2025-04-19T02:03:08.075+02:00 DEBUG 16564 --- [reclamation] [DiscoveryClient-CacheRefreshExecutor-%d] o.s.web.client.RestTemplate              : Reading to [org.springframework.cloud.netflix.eureka.http.EurekaApplications]
2025-04-19T02:03:38.061+02:00 DEBUG 16564 --- [reclamation] [DiscoveryClient-HeartbeatExecutor-%d] o.s.web.client.RestTemplate              : HTTP PUT http://localhost:8761/eureka/apps/RECLAMATION/reclamation:f1ea0560aa6a858822c816c0cfdb13ec?status=UP&lastDirtyTimestamp=1745020297401
2025-04-19T02:03:38.061+02:00 DEBUG 16564 --- [reclamation] [DiscoveryClient-HeartbeatExecutor-%d] o.s.web.client.RestTemplate              : Accept=[application/json, application/yaml, application/*+json]
2025-04-19T02:03:38.080+02:00 DEBUG 16564 --- [reclamation] [DiscoveryClient-HeartbeatExecutor-%d] o.s.web.client.RestTemplate              : Response 200 OK
2025-04-19T02:03:38.081+02:00 DEBUG 16564 --- [reclamation] [DiscoveryClient-CacheRefreshExecutor-%d] o.s.web.client.RestTemplate              : HTTP GET http://localhost:8761/eureka/apps/delta
2025-04-19T02:03:38.081+02:00 DEBUG 16564 --- [reclamation] [DiscoveryClient-CacheRefreshExecutor-%d] o.s.web.client.RestTemplate              : Accept=[application/json, application/yaml, application/*+json]
2025-04-19T02:03:38.094+02:00 DEBUG 16564 --- [reclamation] [DiscoveryClient-CacheRefreshExecutor-%d] o.s.web.client.RestTemplate              : Response 200 OK
2025-04-19T02:03:38.095+02:00 DEBUG 16564 --- [reclamation] [DiscoveryClient-CacheRefreshExecutor-%d] o.s.web.client.RestTemplate              : Reading to [org.springframework.cloud.netflix.eureka.http.EurekaApplications]
2025-04-19T02:03:47.299+02:00  INFO 16564 --- [reclamation] [SpringApplicationShutdownHook] o.s.c.n.e.s.EurekaServiceRegistry        : Unregistering application RECLAMATION with eureka with status DOWN
2025-04-19T02:03:47.299+02:00  INFO 16564 --- [reclamation] [SpringApplicationShutdownHook] com.netflix.discovery.DiscoveryClient    : Saw local status change event StatusChangeEvent [timestamp=1745021027299, current=DOWN, previous=UP]
2025-04-19T02:03:47.299+02:00  INFO 16564 --- [reclamation] [DiscoveryClient-InstanceInfoReplicator-%d] com.netflix.discovery.DiscoveryClient    : DiscoveryClient_RECLAMATION/reclamation:f1ea0560aa6a858822c816c0cfdb13ec: registering service...
2025-04-19T02:03:47.299+02:00 DEBUG 16564 --- [reclamation] [DiscoveryClient-InstanceInfoReplicator-%d] o.s.web.client.RestTemplate              : HTTP POST http://localhost:8761/eureka/apps/RECLAMATION
2025-04-19T02:03:47.300+02:00 DEBUG 16564 --- [reclamation] [DiscoveryClient-InstanceInfoReplicator-%d] o.s.web.client.RestTemplate              : Accept=[application/json, application/yaml, application/*+json]
2025-04-19T02:03:47.300+02:00 DEBUG 16564 --- [reclamation] [DiscoveryClient-InstanceInfoReplicator-%d] o.s.web.client.RestTemplate              : Writing [InstanceInfo [instanceId = reclamation:f1ea0560aa6a858822c816c0cfdb13ec, appName = RECLAMATION, hostName = 169.254.89.196, status = DOWN, ipAddr = 169.254.89.196, port = 8095, securePort = 443, dataCenterInfo = com.netflix.appinfo.MyDataCenterInfo@4a907e5a] as "application/json"
2025-04-19T02:03:47.302+02:00  INFO 16564 --- [reclamation] [SpringApplicationShutdownHook] o.s.b.w.e.tomcat.GracefulShutdown        : Commencing graceful shutdown. Waiting for active requests to complete
2025-04-19T02:03:47.318+02:00 DEBUG 16564 --- [reclamation] [DiscoveryClient-InstanceInfoReplicator-%d] o.s.web.client.RestTemplate              : Response 204 NO_CONTENT
2025-04-19T02:03:47.319+02:00  INFO 16564 --- [reclamation] [DiscoveryClient-InstanceInfoReplicator-%d] com.netflix.discovery.DiscoveryClient    : DiscoveryClient_RECLAMATION/reclamation:f1ea0560aa6a858822c816c0cfdb13ec - registration status: 204
2025-04-19T02:03:47.407+02:00  INFO 16564 --- [reclamation] [tomcat-shutdown] o.s.b.w.e.tomcat.GracefulShutdown        : Graceful shutdown complete
2025-04-19T02:03:47.441+02:00  INFO 16564 --- [reclamation] [SpringApplicationShutdownHook] o.s.i.endpoint.EventDrivenConsumer       : Removing {logging-channel-adapter:_org.springframework.integration.errorLogger} as a subscriber to the 'errorChannel' channel
2025-04-19T02:03:47.441+02:00  INFO 16564 --- [reclamation] [SpringApplicationShutdownHook] o.s.i.channel.PublishSubscribeChannel    : Channel 'reclamation.errorChannel' has 0 subscriber(s).
2025-04-19T02:03:47.442+02:00  INFO 16564 --- [reclamation] [SpringApplicationShutdownHook] o.s.i.endpoint.EventDrivenConsumer       : stopped bean '_org.springframework.integration.errorLogger'
2025-04-19T02:03:47.460+02:00  INFO 16564 --- [reclamation] [SpringApplicationShutdownHook] j.LocalContainerEntityManagerFactoryBean : Closing JPA EntityManagerFactory for persistence unit 'default'
2025-04-19T02:03:47.462+02:00  INFO 16564 --- [reclamation] [SpringApplicationShutdownHook] com.zaxxer.hikari.HikariDataSource       : HikariPool-1 - Shutdown initiated...
2025-04-19T02:03:47.469+02:00  INFO 16564 --- [reclamation] [SpringApplicationShutdownHook] com.zaxxer.hikari.HikariDataSource       : HikariPool-1 - Shutdown completed.
2025-04-19T02:03:47.470+02:00  INFO 16564 --- [reclamation] [SpringApplicationShutdownHook] com.netflix.discovery.DiscoveryClient    : Shutting down DiscoveryClient ...
2025-04-19T02:03:50.486+02:00  INFO 16564 --- [reclamation] [SpringApplicationShutdownHook] com.netflix.discovery.DiscoveryClient    : Unregistering ...
2025-04-19T02:03:50.491+02:00 DEBUG 16564 --- [reclamation] [SpringApplicationShutdownHook] o.s.web.client.RestTemplate              : HTTP DELETE http://localhost:8761/eureka/apps/RECLAMATION/reclamation:f1ea0560aa6a858822c816c0cfdb13ec
2025-04-19T02:03:50.494+02:00 DEBUG 16564 --- [reclamation] [SpringApplicationShutdownHook] o.s.web.client.RestTemplate              : Accept=[application/json, application/yaml, application/*+json]
2025-04-19T02:03:50.536+02:00  INFO 16564 --- [reclamation] [SpringApplicationShutdownHook] c.n.d.s.t.d.RedirectingEurekaHttpClient  : Request execution error. endpoint=DefaultEndpoint{ serviceUrl='http://localhost:8761/eureka/} exception=I/O error on DELETE request for "http://localhost:8761/eureka/apps/RECLAMATION/reclamation:f1ea0560aa6a858822c816c0cfdb13ec": Connect to http://localhost:8761 [localhost/127.0.0.1, localhost/0:0:0:0:0:0:0:1] failed: Connection refused: no further information stacktrace=org.springframework.web.client.ResourceAccessException: I/O error on DELETE request for "http://localhost:8761/eureka/apps/RECLAMATION/reclamation:f1ea0560aa6a858822c816c0cfdb13ec": Connect to http://localhost:8761 [localhost/127.0.0.1, localhost/0:0:0:0:0:0:0:1] failed: Connection refused: no further information
	at org.springframework.web.client.RestTemplate.createResourceAccessException(RestTemplate.java:926)
	at org.springframework.web.client.RestTemplate.doExecute(RestTemplate.java:906)
	at org.springframework.web.client.RestTemplate.execute(RestTemplate.java:841)
	at org.springframework.web.client.RestTemplate.exchange(RestTemplate.java:702)
	at org.springframework.cloud.netflix.eureka.http.RestTemplateEurekaHttpClient.cancel(RestTemplateEurekaHttpClient.java:100)
	at com.netflix.discovery.shared.transport.decorator.EurekaHttpClientDecorator$2.execute(EurekaHttpClientDecorator.java:74)
	at com.netflix.discovery.shared.transport.decorator.RedirectingEurekaHttpClient.execute(RedirectingEurekaHttpClient.java:91)
	at com.netflix.discovery.shared.transport.decorator.EurekaHttpClientDecorator.cancel(EurekaHttpClientDecorator.java:71)
	at com.netflix.discovery.shared.transport.decorator.EurekaHttpClientDecorator$2.execute(EurekaHttpClientDecorator.java:74)
	at com.netflix.discovery.shared.transport.decorator.RetryableEurekaHttpClient.execute(RetryableEurekaHttpClient.java:120)
	at com.netflix.discovery.shared.transport.decorator.EurekaHttpClientDecorator.cancel(EurekaHttpClientDecorator.java:71)
	at com.netflix.discovery.shared.transport.decorator.EurekaHttpClientDecorator$2.execute(EurekaHttpClientDecorator.java:74)
	at com.netflix.discovery.shared.transport.decorator.SessionedEurekaHttpClient.execute(SessionedEurekaHttpClient.java:76)
	at com.netflix.discovery.shared.transport.decorator.EurekaHttpClientDecorator.cancel(EurekaHttpClientDecorator.java:71)
	at com.netflix.discovery.DiscoveryClient.unregister(DiscoveryClient.java:919)
	at com.netflix.discovery.DiscoveryClient.shutdown(DiscoveryClient.java:900)
	at java.base/jdk.internal.reflect.NativeMethodAccessorImpl.invoke0(Native Method)
	at java.base/jdk.internal.reflect.NativeMethodAccessorImpl.invoke(NativeMethodAccessorImpl.java:77)
	at java.base/jdk.internal.reflect.DelegatingMethodAccessorImpl.invoke(DelegatingMethodAccessorImpl.java:43)
	at java.base/java.lang.reflect.Method.invoke(Method.java:568)
	at org.springframework.beans.factory.annotation.InitDestroyAnnotationBeanPostProcessor$LifecycleMethod.invoke(InitDestroyAnnotationBeanPostProcessor.java:457)
	at org.springframework.beans.factory.annotation.InitDestroyAnnotationBeanPostProcessor$LifecycleMetadata.invokeDestroyMethods(InitDestroyAnnotationBeanPostProcessor.java:415)
	at org.springframework.beans.factory.annotation.InitDestroyAnnotationBeanPostProcessor.postProcessBeforeDestruction(InitDestroyAnnotationBeanPostProcessor.java:239)
	at org.springframework.beans.factory.support.DisposableBeanAdapter.destroy(DisposableBeanAdapter.java:202)
	at org.springframework.beans.factory.support.DisposableBeanAdapter.run(DisposableBeanAdapter.java:195)
	at org.springframework.cloud.context.scope.GenericScope$BeanLifecycleWrapper.destroy(GenericScope.java:389)
	at org.springframework.cloud.context.scope.GenericScope.destroy(GenericScope.java:136)
	at org.springframework.beans.factory.support.DisposableBeanAdapter.destroy(DisposableBeanAdapter.java:211)
	at org.springframework.beans.factory.support.DefaultSingletonBeanRegistry.destroyBean(DefaultSingletonBeanRegistry.java:686)
	at org.springframework.beans.factory.support.DefaultSingletonBeanRegistry.destroySingleton(DefaultSingletonBeanRegistry.java:643)
	at org.springframework.beans.factory.support.DefaultListableBeanFactory.destroySingleton(DefaultListableBeanFactory.java:1368)
	at org.springframework.beans.factory.support.DefaultSingletonBeanRegistry.destroySingletons(DefaultSingletonBeanRegistry.java:602)
	at org.springframework.beans.factory.support.DefaultListableBeanFactory.destroySingletons(DefaultListableBeanFactory.java:1361)
	at org.springframework.context.support.AbstractApplicationContext.destroyBeans(AbstractApplicationContext.java:1219)
	at org.springframework.context.support.AbstractApplicationContext.doClose(AbstractApplicationContext.java:1180)
	at org.springframework.boot.web.servlet.context.ServletWebServerApplicationContext.doClose(ServletWebServerApplicationContext.java:174)
	at org.springframework.context.support.AbstractApplicationContext.close(AbstractApplicationContext.java:1126)
	at org.springframework.boot.SpringApplicationShutdownHook.closeAndWait(SpringApplicationShutdownHook.java:147)
	at java.base/java.lang.Iterable.forEach(Iterable.java:75)
	at org.springframework.boot.SpringApplicationShutdownHook.run(SpringApplicationShutdownHook.java:116)
	at java.base/java.lang.Thread.run(Thread.java:840)
Caused by: org.apache.hc.client5.http.HttpHostConnectException: Connect to http://localhost:8761 [localhost/127.0.0.1, localhost/0:0:0:0:0:0:0:1] failed: Connection refused: no further information
	at java.base/sun.nio.ch.Net.pollConnect(Native Method)
	at java.base/sun.nio.ch.Net.pollConnectNow(Net.java:672)
	at java.base/sun.nio.ch.NioSocketImpl.timedFinishConnect(NioSocketImpl.java:547)
	at java.base/sun.nio.ch.NioSocketImpl.connect(NioSocketImpl.java:602)
	at java.base/java.net.SocksSocketImpl.connect(SocksSocketImpl.java:327)
	at java.base/java.net.Socket.connect(Socket.java:633)
	at org.apache.hc.client5.http.impl.io.DefaultHttpClientConnectionOperator.connect(DefaultHttpClientConnectionOperator.java:216)
	at org.apache.hc.client5.http.impl.io.PoolingHttpClientConnectionManager.connect(PoolingHttpClientConnectionManager.java:490)
	at org.apache.hc.client5.http.impl.classic.InternalExecRuntime.connectEndpoint(InternalExecRuntime.java:164)
	at org.apache.hc.client5.http.impl.classic.InternalExecRuntime.connectEndpoint(InternalExecRuntime.java:174)
	at org.apache.hc.client5.http.impl.classic.ConnectExec.execute(ConnectExec.java:144)
	at org.apache.hc.client5.http.impl.classic.ExecChainElement.execute(ExecChainElement.java:51)
	at org.apache.hc.client5.http.impl.classic.ProtocolExec.execute(ProtocolExec.java:192)
	at org.apache.hc.client5.http.impl.classic.ExecChainElement.execute(ExecChainElement.java:51)
	at org.apache.hc.client5.http.impl.classic.ContentCompressionExec.execute(ContentCompressionExec.java:150)
	at org.apache.hc.client5.http.impl.classic.ExecChainElement.execute(ExecChainElement.java:51)
	at org.apache.hc.client5.http.impl.classic.HttpRequestRetryExec.execute(HttpRequestRetryExec.java:113)
	at org.apache.hc.client5.http.impl.classic.ExecChainElement.execute(ExecChainElement.java:51)
	at org.apache.hc.client5.http.impl.classic.RedirectExec.execute(RedirectExec.java:110)
	at org.apache.hc.client5.http.impl.classic.ExecChainElement.execute(ExecChainElement.java:51)
	at org.apache.hc.client5.http.impl.classic.InternalHttpClient.doExecute(InternalHttpClient.java:174)
	at org.apache.hc.client5.http.impl.classic.CloseableHttpClient.execute(CloseableHttpClient.java:87)
	at org.apache.hc.client5.http.impl.classic.CloseableHttpClient.execute(CloseableHttpClient.java:55)
	at org.apache.hc.client5.http.classic.HttpClient.executeOpen(HttpClient.java:183)
	at org.springframework.http.client.HttpComponentsClientHttpRequest.executeInternal(HttpComponentsClientHttpRequest.java:99)
	at org.springframework.http.client.AbstractStreamingClientHttpRequest.executeInternal(AbstractStreamingClientHttpRequest.java:71)
	at org.springframework.http.client.AbstractClientHttpRequest.execute(AbstractClientHttpRequest.java:81)
	at org.springframework.http.client.InterceptingClientHttpRequest$InterceptingRequestExecution.execute(InterceptingClientHttpRequest.java:117)
	at org.springframework.cloud.netflix.eureka.http.RestTemplateTransportClientFactory.lambda$restTemplate$3(RestTemplateTransportClientFactory.java:141)
	at org.springframework.http.client.InterceptingClientHttpRequest$InterceptingRequestExecution.execute(InterceptingClientHttpRequest.java:88)
	at org.springframework.http.client.InterceptingClientHttpRequest.executeInternal(InterceptingClientHttpRequest.java:72)
	at org.springframework.http.client.AbstractBufferingClientHttpRequest.executeInternal(AbstractBufferingClientHttpRequest.java:48)
	at org.springframework.http.client.AbstractClientHttpRequest.execute(AbstractClientHttpRequest.java:81)
	at org.springframework.web.client.RestTemplate.doExecute(RestTemplate.java:900)
	... 39 more

2025-04-19T02:03:50.536+02:00  WARN 16564 --- [reclamation] [SpringApplicationShutdownHook] c.n.d.s.t.d.RetryableEurekaHttpClient    : Request execution failed with message: I/O error on DELETE request for "http://localhost:8761/eureka/apps/RECLAMATION/reclamation:f1ea0560aa6a858822c816c0cfdb13ec": Connect to http://localhost:8761 [localhost/127.0.0.1, localhost/0:0:0:0:0:0:0:1] failed: Connection refused: no further information
2025-04-19T02:03:50.540+02:00 DEBUG 16564 --- [reclamation] [SpringApplicationShutdownHook] o.s.web.client.RestTemplate              : HTTP DELETE http://localhost:8761/eureka/apps/RECLAMATION/reclamation:f1ea0560aa6a858822c816c0cfdb13ec
2025-04-19T02:03:50.541+02:00 DEBUG 16564 --- [reclamation] [SpringApplicationShutdownHook] o.s.web.client.RestTemplate              : Accept=[application/json, application/yaml, application/*+json]
2025-04-19T02:03:50.580+02:00  INFO 16564 --- [reclamation] [SpringApplicationShutdownHook] c.n.d.s.t.d.RedirectingEurekaHttpClient  : Request execution error. endpoint=DefaultEndpoint{ serviceUrl='http://localhost:8761/eureka/}, exception=I/O error on DELETE request for "http://localhost:8761/eureka/apps/RECLAMATION/reclamation:f1ea0560aa6a858822c816c0cfdb13ec": Connect to http://localhost:8761 [localhost/127.0.0.1, localhost/0:0:0:0:0:0:0:1] failed: Connection refused: no further information stacktrace=org.springframework.web.client.ResourceAccessException: I/O error on DELETE request for "http://localhost:8761/eureka/apps/RECLAMATION/reclamation:f1ea0560aa6a858822c816c0cfdb13ec": Connect to http://localhost:8761 [localhost/127.0.0.1, localhost/0:0:0:0:0:0:0:1] failed: Connection refused: no further information
	at org.springframework.web.client.RestTemplate.createResourceAccessException(RestTemplate.java:926)
	at org.springframework.web.client.RestTemplate.doExecute(RestTemplate.java:906)
	at org.springframework.web.client.RestTemplate.execute(RestTemplate.java:841)
	at org.springframework.web.client.RestTemplate.exchange(RestTemplate.java:702)
	at org.springframework.cloud.netflix.eureka.http.RestTemplateEurekaHttpClient.cancel(RestTemplateEurekaHttpClient.java:100)
	at com.netflix.discovery.shared.transport.decorator.EurekaHttpClientDecorator$2.execute(EurekaHttpClientDecorator.java:74)
	at com.netflix.discovery.shared.transport.decorator.RedirectingEurekaHttpClient.executeOnNewServer(RedirectingEurekaHttpClient.java:121)
	at com.netflix.discovery.shared.transport.decorator.RedirectingEurekaHttpClient.execute(RedirectingEurekaHttpClient.java:80)
	at com.netflix.discovery.shared.transport.decorator.EurekaHttpClientDecorator.cancel(EurekaHttpClientDecorator.java:71)
	at com.netflix.discovery.shared.transport.decorator.EurekaHttpClientDecorator$2.execute(EurekaHttpClientDecorator.java:74)
	at com.netflix.discovery.shared.transport.decorator.RetryableEurekaHttpClient.execute(RetryableEurekaHttpClient.java:120)
	at com.netflix.discovery.shared.transport.decorator.EurekaHttpClientDecorator.cancel(EurekaHttpClientDecorator.java:71)
	at com.netflix.discovery.shared.transport.decorator.EurekaHttpClientDecorator$2.execute(EurekaHttpClientDecorator.java:74)
	at com.netflix.discovery.shared.transport.decorator.SessionedEurekaHttpClient.execute(SessionedEurekaHttpClient.java:76)
	at com.netflix.discovery.shared.transport.decorator.EurekaHttpClientDecorator.cancel(EurekaHttpClientDecorator.java:71)
	at com.netflix.discovery.DiscoveryClient.unregister(DiscoveryClient.java:919)
	at com.netflix.discovery.DiscoveryClient.shutdown(DiscoveryClient.java:900)
	at java.base/jdk.internal.reflect.NativeMethodAccessorImpl.invoke0(Native Method)
	at java.base/jdk.internal.reflect.NativeMethodAccessorImpl.invoke(NativeMethodAccessorImpl.java:77)
	at java.base/jdk.internal.reflect.DelegatingMethodAccessorImpl.invoke(DelegatingMethodAccessorImpl.java:43)
	at java.base/java.lang.reflect.Method.invoke(Method.java:568)
	at org.springframework.beans.factory.annotation.InitDestroyAnnotationBeanPostProcessor$LifecycleMethod.invoke(InitDestroyAnnotationBeanPostProcessor.java:457)
	at org.springframework.beans.factory.annotation.InitDestroyAnnotationBeanPostProcessor$LifecycleMetadata.invokeDestroyMethods(InitDestroyAnnotationBeanPostProcessor.java:415)
	at org.springframework.beans.factory.annotation.InitDestroyAnnotationBeanPostProcessor.postProcessBeforeDestruction(InitDestroyAnnotationBeanPostProcessor.java:239)
	at org.springframework.beans.factory.support.DisposableBeanAdapter.destroy(DisposableBeanAdapter.java:202)
	at org.springframework.beans.factory.support.DisposableBeanAdapter.run(DisposableBeanAdapter.java:195)
	at org.springframework.cloud.context.scope.GenericScope$BeanLifecycleWrapper.destroy(GenericScope.java:389)
	at org.springframework.cloud.context.scope.GenericScope.destroy(GenericScope.java:136)
	at org.springframework.beans.factory.support.DisposableBeanAdapter.destroy(DisposableBeanAdapter.java:211)
	at org.springframework.beans.factory.support.DefaultSingletonBeanRegistry.destroyBean(DefaultSingletonBeanRegistry.java:686)
	at org.springframework.beans.factory.support.DefaultSingletonBeanRegistry.destroySingleton(DefaultSingletonBeanRegistry.java:643)
	at org.springframework.beans.factory.support.DefaultListableBeanFactory.destroySingleton(DefaultListableBeanFactory.java:1368)
	at org.springframework.beans.factory.support.DefaultSingletonBeanRegistry.destroySingletons(DefaultSingletonBeanRegistry.java:602)
	at org.springframework.beans.factory.support.DefaultListableBeanFactory.destroySingletons(DefaultListableBeanFactory.java:1361)
	at org.springframework.context.support.AbstractApplicationContext.destroyBeans(AbstractApplicationContext.java:1219)
	at org.springframework.context.support.AbstractApplicationContext.doClose(AbstractApplicationContext.java:1180)
	at org.springframework.boot.web.servlet.context.ServletWebServerApplicationContext.doClose(ServletWebServerApplicationContext.java:174)
	at org.springframework.context.support.AbstractApplicationContext.close(AbstractApplicationContext.java:1126)
	at org.springframework.boot.SpringApplicationShutdownHook.closeAndWait(SpringApplicationShutdownHook.java:147)
	at java.base/java.lang.Iterable.forEach(Iterable.java:75)
	at org.springframework.boot.SpringApplicationShutdownHook.run(SpringApplicationShutdownHook.java:116)
	at java.base/java.lang.Thread.run(Thread.java:840)
Caused by: org.apache.hc.client5.http.HttpHostConnectException: Connect to http://localhost:8761 [localhost/127.0.0.1, localhost/0:0:0:0:0:0:0:1] failed: Connection refused: no further information
	at java.base/sun.nio.ch.Net.pollConnect(Native Method)
	at java.base/sun.nio.ch.Net.pollConnectNow(Net.java:672)
	at java.base/sun.nio.ch.NioSocketImpl.timedFinishConnect(NioSocketImpl.java:547)
	at java.base/sun.nio.ch.NioSocketImpl.connect(NioSocketImpl.java:602)
	at java.base/java.net.SocksSocketImpl.connect(SocksSocketImpl.java:327)
	at java.base/java.net.Socket.connect(Socket.java:633)
	at org.apache.hc.client5.http.impl.io.DefaultHttpClientConnectionOperator.connect(DefaultHttpClientConnectionOperator.java:216)
	at org.apache.hc.client5.http.impl.io.PoolingHttpClientConnectionManager.connect(PoolingHttpClientConnectionManager.java:490)
	at org.apache.hc.client5.http.impl.classic.InternalExecRuntime.connectEndpoint(InternalExecRuntime.java:164)
	at org.apache.hc.client5.http.impl.classic.InternalExecRuntime.connectEndpoint(InternalExecRuntime.java:174)
	at org.apache.hc.client5.http.impl.classic.ConnectExec.execute(ConnectExec.java:144)
	at org.apache.hc.client5.http.impl.classic.ExecChainElement.execute(ExecChainElement.java:51)
	at org.apache.hc.client5.http.impl.classic.ProtocolExec.execute(ProtocolExec.java:192)
	at org.apache.hc.client5.http.impl.classic.ExecChainElement.execute(ExecChainElement.java:51)
	at org.apache.hc.client5.http.impl.classic.ContentCompressionExec.execute(ContentCompressionExec.java:150)
	at org.apache.hc.client5.http.impl.classic.ExecChainElement.execute(ExecChainElement.java:51)
	at org.apache.hc.client5.http.impl.classic.HttpRequestRetryExec.execute(HttpRequestRetryExec.java:113)
	at org.apache.hc.client5.http.impl.classic.ExecChainElement.execute(ExecChainElement.java:51)
	at org.apache.hc.client5.http.impl.classic.RedirectExec.execute(RedirectExec.java:110)
	at org.apache.hc.client5.http.impl.classic.ExecChainElement.execute(ExecChainElement.java:51)
	at org.apache.hc.client5.http.impl.classic.InternalHttpClient.doExecute(InternalHttpClient.java:174)
	at org.apache.hc.client5.http.impl.classic.CloseableHttpClient.execute(CloseableHttpClient.java:87)
	at org.apache.hc.client5.http.impl.classic.CloseableHttpClient.execute(CloseableHttpClient.java:55)
	at org.apache.hc.client5.http.classic.HttpClient.executeOpen(HttpClient.java:183)
	at org.springframework.http.client.HttpComponentsClientHttpRequest.executeInternal(HttpComponentsClientHttpRequest.java:99)
	at org.springframework.http.client.AbstractStreamingClientHttpRequest.executeInternal(AbstractStreamingClientHttpRequest.java:71)
	at org.springframework.http.client.AbstractClientHttpRequest.execute(AbstractClientHttpRequest.java:81)
	at org.springframework.http.client.InterceptingClientHttpRequest$InterceptingRequestExecution.execute(InterceptingClientHttpRequest.java:117)
	at org.springframework.cloud.netflix.eureka.http.RestTemplateTransportClientFactory.lambda$restTemplate$3(RestTemplateTransportClientFactory.java:141)
	at org.springframework.http.client.InterceptingClientHttpRequest$InterceptingRequestExecution.execute(InterceptingClientHttpRequest.java:88)
	at org.springframework.http.client.InterceptingClientHttpRequest.executeInternal(InterceptingClientHttpRequest.java:72)
	at org.springframework.http.client.AbstractBufferingClientHttpRequest.executeInternal(AbstractBufferingClientHttpRequest.java:48)
	at org.springframework.http.client.AbstractClientHttpRequest.execute(AbstractClientHttpRequest.java:81)
	at org.springframework.web.client.RestTemplate.doExecute(RestTemplate.java:900)
	... 40 more

2025-04-19T02:03:50.580+02:00  WARN 16564 --- [reclamation] [SpringApplicationShutdownHook] c.n.d.s.t.d.RetryableEurekaHttpClient    : Request execution failed with message: I/O error on DELETE request for "http://localhost:8761/eureka/apps/RECLAMATION/reclamation:f1ea0560aa6a858822c816c0cfdb13ec": Connect to http://localhost:8761 [localhost/127.0.0.1, localhost/0:0:0:0:0:0:0:1] failed: Connection refused: no further information
2025-04-19T02:03:50.580+02:00 ERROR 16564 --- [reclamation] [SpringApplicationShutdownHook] com.netflix.discovery.DiscoveryClient    : DiscoveryClient_RECLAMATION/reclamation:f1ea0560aa6a858822c816c0cfdb13ec - de-registration failedCannot execute request on any known server

com.netflix.discovery.shared.transport.TransportException: Cannot execute request on any known server
	at com.netflix.discovery.shared.transport.decorator.RetryableEurekaHttpClient.execute(RetryableEurekaHttpClient.java:112) ~[eureka-client-2.0.4.jar:2.0.4]
	at com.netflix.discovery.shared.transport.decorator.EurekaHttpClientDecorator.cancel(EurekaHttpClientDecorator.java:71) ~[eureka-client-2.0.4.jar:2.0.4]
	at com.netflix.discovery.shared.transport.decorator.EurekaHttpClientDecorator$2.execute(EurekaHttpClientDecorator.java:74) ~[eureka-client-2.0.4.jar:2.0.4]
	at com.netflix.discovery.shared.transport.decorator.SessionedEurekaHttpClient.execute(SessionedEurekaHttpClient.java:76) ~[eureka-client-2.0.4.jar:2.0.4]
	at com.netflix.discovery.shared.transport.decorator.EurekaHttpClientDecorator.cancel(EurekaHttpClientDecorator.java:71) ~[eureka-client-2.0.4.jar:2.0.4]
	at com.netflix.discovery.DiscoveryClient.unregister(DiscoveryClient.java:919) ~[eureka-client-2.0.4.jar:2.0.4]
	at com.netflix.discovery.DiscoveryClient.shutdown(DiscoveryClient.java:900) ~[eureka-client-2.0.4.jar:2.0.4]
	at java.base/jdk.internal.reflect.NativeMethodAccessorImpl.invoke0(Native Method) ~[na:na]
	at java.base/jdk.internal.reflect.NativeMethodAccessorImpl.invoke(NativeMethodAccessorImpl.java:77) ~[na:na]
	at java.base/jdk.internal.reflect.DelegatingMethodAccessorImpl.invoke(DelegatingMethodAccessorImpl.java:43) ~[na:na]
	at java.base/java.lang.reflect.Method.invoke(Method.java:568) ~[na:na]
	at org.springframework.beans.factory.annotation.InitDestroyAnnotationBeanPostProcessor$LifecycleMethod.invoke(InitDestroyAnnotationBeanPostProcessor.java:457) ~[spring-beans-6.2.2.jar:6.2.2]
	at org.springframework.beans.factory.annotation.InitDestroyAnnotationBeanPostProcessor$LifecycleMetadata.invokeDestroyMethods(InitDestroyAnnotationBeanPostProcessor.java:415) ~[spring-beans-6.2.2.jar:6.2.2]
	at org.springframework.beans.factory.annotation.InitDestroyAnnotationBeanPostProcessor.postProcessBeforeDestruction(InitDestroyAnnotationBeanPostProcessor.java:239) ~[spring-beans-6.2.2.jar:6.2.2]
	at org.springframework.beans.factory.support.DisposableBeanAdapter.destroy(DisposableBeanAdapter.java:202) ~[spring-beans-6.2.2.jar:6.2.2]
	at org.springframework.beans.factory.support.DisposableBeanAdapter.run(DisposableBeanAdapter.java:195) ~[spring-beans-6.2.2.jar:6.2.2]
	at org.springframework.cloud.context.scope.GenericScope$BeanLifecycleWrapper.destroy(GenericScope.java:389) ~[spring-cloud-context-4.2.0.jar:4.2.0]
	at org.springframework.cloud.context.scope.GenericScope.destroy(GenericScope.java:136) ~[spring-cloud-context-4.2.0.jar:4.2.0]
	at org.springframework.beans.factory.support.DisposableBeanAdapter.destroy(DisposableBeanAdapter.java:211) ~[spring-beans-6.2.2.jar:6.2.2]
	at org.springframework.beans.factory.support.DefaultSingletonBeanRegistry.destroyBean(DefaultSingletonBeanRegistry.java:686) ~[spring-beans-6.2.2.jar:6.2.2]
	at org.springframework.beans.factory.support.DefaultSingletonBeanRegistry.destroySingleton(DefaultSingletonBeanRegistry.java:643) ~[spring-beans-6.2.2.jar:6.2.2]
	at org.springframework.beans.factory.support.DefaultListableBeanFactory.destroySingleton(DefaultListableBeanFactory.java:1368) ~[spring-beans-6.2.2.jar:6.2.2]
	at org.springframework.beans.factory.support.DefaultSingletonBeanRegistry.destroySingletons(DefaultSingletonBeanRegistry.java:602) ~[spring-beans-6.2.2.jar:6.2.2]
	at org.springframework.beans.factory.support.DefaultListableBeanFactory.destroySingletons(DefaultListableBeanFactory.java:1361) ~[spring-beans-6.2.2.jar:6.2.2]
	at org.springframework.context.support.AbstractApplicationContext.destroyBeans(AbstractApplicationContext.java:1219) ~[spring-context-6.2.2.jar:6.2.2]
	at org.springframework.context.support.AbstractApplicationContext.doClose(AbstractApplicationContext.java:1180) ~[spring-context-6.2.2.jar:6.2.2]
	at org.springframework.boot.web.servlet.context.ServletWebServerApplicationContext.doClose(ServletWebServerApplicationContext.java:174) ~[spring-boot-3.4.2.jar:3.4.2]
	at org.springframework.context.support.AbstractApplicationContext.close(AbstractApplicationContext.java:1126) ~[spring-context-6.2.2.jar:6.2.2]
	at org.springframework.boot.SpringApplicationShutdownHook.closeAndWait(SpringApplicationShutdownHook.java:147) ~[spring-boot-3.4.2.jar:3.4.2]
	at java.base/java.lang.Iterable.forEach(Iterable.java:75) ~[na:na]
	at org.springframework.boot.SpringApplicationShutdownHook.run(SpringApplicationShutdownHook.java:116) ~[spring-boot-3.4.2.jar:3.4.2]
	at java.base/java.lang.Thread.run(Thread.java:840) ~[na:na]

2025-04-19T02:03:50.583+02:00  INFO 16564 --- [reclamation] [SpringApplicationShutdownHook] com.netflix.discovery.DiscoveryClient    : Completed shut down of DiscoveryClient
